{"/home/travis/build/npmtest/node-npmtest-generate/test.js":{"path":"/home/travis/build/npmtest/node-npmtest-generate/test.js","s":{"1":2,"2":2,"3":2,"4":2,"5":2,"6":2,"7":2,"8":1,"9":2,"10":2,"11":1,"12":1,"13":1,"14":1,"15":2,"16":2,"17":2,"18":2,"19":1,"20":1,"21":2,"22":2,"23":2,"24":1,"25":1,"26":1,"27":1,"28":1,"29":1,"30":1,"31":1,"32":1,"33":1,"34":1,"35":1,"36":1,"37":1,"38":1,"39":2,"40":2,"41":1,"42":2,"43":2,"44":1,"45":2,"46":2,"47":1,"48":2,"49":2,"50":1,"51":1,"52":1,"53":1,"54":1},"b":{"1":[2,1,1,1],"2":[1,1,1,1],"3":[1,1],"4":[1,1],"5":[1,1],"6":[1,1],"7":[1,1],"8":[1,1],"9":[1,1],"10":[1,1,1],"11":[1,1],"12":[1,1],"13":[1,1],"14":[1,1],"15":[1,1],"16":[1,1],"17":[1,1]},"f":{"1":2,"2":2,"3":2,"4":2,"5":2,"6":1,"7":1,"8":1,"9":2,"10":2,"11":2,"12":2,"13":1},"fnMap":{"1":{"name":"(anonymous_1)","line":12,"loc":{"start":{"line":12,"column":1},"end":{"line":12,"column":13}}},"2":{"name":"(anonymous_2)","line":19,"loc":{"start":{"line":19,"column":5},"end":{"line":19,"column":17}}},"3":{"name":"(anonymous_3)","line":23,"loc":{"start":{"line":23,"column":24},"end":{"line":23,"column":36}}},"4":{"name":"(anonymous_4)","line":61,"loc":{"start":{"line":61,"column":5},"end":{"line":61,"column":17}}},"5":{"name":"(anonymous_5)","line":82,"loc":{"start":{"line":82,"column":5},"end":{"line":82,"column":17}}},"6":{"name":"(anonymous_6)","line":91,"loc":{"start":{"line":91,"column":77},"end":{"line":94,"column":10}}},"7":{"name":"(anonymous_7)","line":112,"loc":{"start":{"line":112,"column":83},"end":{"line":115,"column":10}},"skip":true},"8":{"name":"(anonymous_8)","line":123,"loc":{"start":{"line":123,"column":77},"end":{"line":126,"column":10}},"skip":true},"9":{"name":"(anonymous_9)","line":139,"loc":{"start":{"line":139,"column":12},"end":{"line":139,"column":40}},"skip":true},"10":{"name":"(anonymous_10)","line":147,"loc":{"start":{"line":147,"column":77},"end":{"line":150,"column":10}},"skip":true},"11":{"name":"(anonymous_11)","line":158,"loc":{"start":{"line":158,"column":83},"end":{"line":161,"column":10}},"skip":true},"12":{"name":"(anonymous_12)","line":169,"loc":{"start":{"line":169,"column":79},"end":{"line":172,"column":10}},"skip":true},"13":{"name":"(anonymous_13)","line":180,"loc":{"start":{"line":180,"column":75},"end":{"line":183,"column":10}},"skip":true}},"statementMap":{"1":{"start":{"line":12,"column":0},"end":{"line":195,"column":5}},"2":{"start":{"line":14,"column":4},"end":{"line":14,"column":14}},"3":{"start":{"line":19,"column":4},"end":{"line":56,"column":9}},"4":{"start":{"line":21,"column":8},"end":{"line":21,"column":19}},"5":{"start":{"line":23,"column":8},"end":{"line":35,"column":13}},"6":{"start":{"line":24,"column":12},"end":{"line":34,"column":13}},"7":{"start":{"line":25,"column":16},"end":{"line":28,"column":30}},"8":{"start":{"line":30,"column":16},"end":{"line":33,"column":27}},"9":{"start":{"line":37,"column":8},"end":{"line":39,"column":21}},"10":{"start":{"line":40,"column":8},"end":{"line":53,"column":9}},"11":{"start":{"line":43,"column":12},"end":{"line":46,"column":14}},"12":{"start":{"line":47,"column":12},"end":{"line":47,"column":18}},"13":{"start":{"line":50,"column":12},"end":{"line":51,"column":33}},"14":{"start":{"line":52,"column":12},"end":{"line":52,"column":18}},"15":{"start":{"line":55,"column":8},"end":{"line":55,"column":35}},"16":{"start":{"line":61,"column":4},"end":{"line":63,"column":9}},"17":{"start":{"line":62,"column":8},"end":{"line":62,"column":15}},"18":{"start":{"line":64,"column":4},"end":{"line":77,"column":5}},"19":{"start":{"line":70,"column":8},"end":{"line":70,"column":14}},"20":{"start":{"line":76,"column":8},"end":{"line":76,"column":14}},"21":{"start":{"line":82,"column":4},"end":{"line":84,"column":9}},"22":{"start":{"line":83,"column":8},"end":{"line":83,"column":15}},"23":{"start":{"line":85,"column":4},"end":{"line":194,"column":5}},"24":{"start":{"line":91,"column":8},"end":{"line":99,"column":10}},"25":{"start":{"line":98,"column":12},"end":{"line":98,"column":35}},"26":{"start":{"line":102,"column":8},"end":{"line":104,"column":63}},"27":{"start":{"line":105,"column":8},"end":{"line":105,"column":14}},"28":{"start":{"line":112,"column":8},"end":{"line":121,"column":10},"skip":true},"29":{"start":{"line":119,"column":12},"end":{"line":119,"column":55},"skip":true},"30":{"start":{"line":120,"column":12},"end":{"line":120,"column":48},"skip":true},"31":{"start":{"line":123,"column":8},"end":{"line":136,"column":10},"skip":true},"32":{"start":{"line":130,"column":12},"end":{"line":130,"column":76},"skip":true},"33":{"start":{"line":131,"column":12},"end":{"line":131,"column":73},"skip":true},"34":{"start":{"line":132,"column":12},"end":{"line":132,"column":74},"skip":true},"35":{"start":{"line":133,"column":12},"end":{"line":133,"column":79},"skip":true},"36":{"start":{"line":134,"column":12},"end":{"line":134,"column":25},"skip":true},"37":{"start":{"line":135,"column":12},"end":{"line":135,"column":45},"skip":true},"38":{"start":{"line":138,"column":8},"end":{"line":145,"column":14},"skip":true},"39":{"start":{"line":143,"column":16},"end":{"line":143,"column":29},"skip":true},"40":{"start":{"line":144,"column":16},"end":{"line":144,"column":55},"skip":true},"41":{"start":{"line":147,"column":8},"end":{"line":156,"column":10},"skip":true},"42":{"start":{"line":154,"column":12},"end":{"line":154,"column":25},"skip":true},"43":{"start":{"line":155,"column":12},"end":{"line":155,"column":45},"skip":true},"44":{"start":{"line":158,"column":8},"end":{"line":167,"column":10},"skip":true},"45":{"start":{"line":165,"column":12},"end":{"line":165,"column":25},"skip":true},"46":{"start":{"line":166,"column":12},"end":{"line":166,"column":48},"skip":true},"47":{"start":{"line":169,"column":8},"end":{"line":178,"column":10},"skip":true},"48":{"start":{"line":176,"column":12},"end":{"line":176,"column":25},"skip":true},"49":{"start":{"line":177,"column":12},"end":{"line":177,"column":46},"skip":true},"50":{"start":{"line":180,"column":8},"end":{"line":189,"column":10},"skip":true},"51":{"start":{"line":187,"column":12},"end":{"line":187,"column":94},"skip":true},"52":{"start":{"line":188,"column":12},"end":{"line":188,"column":48},"skip":true},"53":{"start":{"line":192,"column":8},"end":{"line":192,"column":35},"skip":true},"54":{"start":{"line":193,"column":8},"end":{"line":193,"column":14},"skip":true}},"branchMap":{"1":{"line":25,"type":"binary-expr","locations":[{"start":{"line":25,"column":23},"end":{"line":25,"column":62}},{"start":{"line":26,"column":20},"end":{"line":26,"column":70}},{"start":{"line":27,"column":20},"end":{"line":27,"column":71}},{"start":{"line":28,"column":20},"end":{"line":28,"column":29}}]},"2":{"line":30,"type":"binary-expr","locations":[{"start":{"line":30,"column":23},"end":{"line":30,"column":37}},{"start":{"line":31,"column":20},"end":{"line":31,"column":61}},{"start":{"line":32,"column":20},"end":{"line":32,"column":70}},{"start":{"line":33,"column":20},"end":{"line":33,"column":26}}]},"3":{"line":37,"type":"cond-expr","locations":[{"start":{"line":38,"column":14},"end":{"line":38,"column":20}},{"start":{"line":39,"column":14},"end":{"line":39,"column":20}}]},"4":{"line":40,"type":"switch","locations":[{"start":{"line":42,"column":8},"end":{"line":47,"column":18}},{"start":{"line":49,"column":8},"end":{"line":52,"column":18}}]},"5":{"line":44,"type":"binary-expr","locations":[{"start":{"line":44,"column":16},"end":{"line":44,"column":44}},{"start":{"line":44,"column":48},"end":{"line":44,"column":66}}]},"6":{"line":50,"type":"binary-expr","locations":[{"start":{"line":50,"column":21},"end":{"line":50,"column":49}},{"start":{"line":50,"column":53},"end":{"line":50,"column":72}}]},"7":{"line":64,"type":"switch","locations":[{"start":{"line":69,"column":4},"end":{"line":70,"column":14}},{"start":{"line":75,"column":4},"end":{"line":76,"column":14}}]},"8":{"line":85,"type":"switch","locations":[{"start":{"line":90,"column":4},"end":{"line":105,"column":14}},{"start":{"line":111,"column":4},"end":{"line":193,"column":14},"skip":true}]},"9":{"line":91,"type":"binary-expr","locations":[{"start":{"line":91,"column":42},"end":{"line":91,"column":73}},{"start":{"line":91,"column":77},"end":{"line":99,"column":9}}]},"10":{"line":102,"type":"binary-expr","locations":[{"start":{"line":102,"column":18},"end":{"line":102,"column":32}},{"start":{"line":103,"column":12},"end":{"line":103,"column":53}},{"start":{"line":104,"column":12},"end":{"line":104,"column":61}}]},"11":{"line":112,"type":"binary-expr","locations":[{"start":{"line":112,"column":45},"end":{"line":112,"column":79},"skip":true},{"start":{"line":112,"column":83},"end":{"line":121,"column":9},"skip":true}]},"12":{"line":123,"type":"binary-expr","locations":[{"start":{"line":123,"column":42},"end":{"line":123,"column":73},"skip":true},{"start":{"line":123,"column":77},"end":{"line":136,"column":9},"skip":true}]},"13":{"line":138,"type":"binary-expr","locations":[{"start":{"line":138,"column":48},"end":{"line":138,"column":85},"skip":true},{"start":{"line":139,"column":12},"end":{"line":145,"column":13},"skip":true}]},"14":{"line":147,"type":"binary-expr","locations":[{"start":{"line":147,"column":42},"end":{"line":147,"column":73},"skip":true},{"start":{"line":147,"column":77},"end":{"line":156,"column":9},"skip":true}]},"15":{"line":158,"type":"binary-expr","locations":[{"start":{"line":158,"column":45},"end":{"line":158,"column":79},"skip":true},{"start":{"line":158,"column":83},"end":{"line":167,"column":9},"skip":true}]},"16":{"line":169,"type":"binary-expr","locations":[{"start":{"line":169,"column":43},"end":{"line":169,"column":75},"skip":true},{"start":{"line":169,"column":79},"end":{"line":178,"column":9},"skip":true}]},"17":{"line":180,"type":"binary-expr","locations":[{"start":{"line":180,"column":41},"end":{"line":180,"column":71},"skip":true},{"start":{"line":180,"column":75},"end":{"line":189,"column":9},"skip":true}]}},"code":["/* istanbul instrument in package npmtest_generate */","/*jslint","    bitwise: true,","    browser: true,","    maxerr: 8,","    maxlen: 96,","    node: true,","    nomen: true,","    regexp: true,","    stupid: true","*/","(function () {","    'use strict';","    var local;","","","","    // run shared js-env code - pre-init","    (function () {","        // init local","        local = {};","        // init modeJs","        local.modeJs = (function () {","            try {","                return typeof navigator.userAgent === 'string' &&","                    typeof document.querySelector('body') === 'object' &&","                    typeof XMLHttpRequest.prototype.open === 'function' &&","                    'browser';","            } catch (errorCaughtBrowser) {","                return module.exports &&","                    typeof process.versions.node === 'string' &&","                    typeof require('http').createServer === 'function' &&","                    'node';","            }","        }());","        // init global","        local.global = local.modeJs === 'browser'","            ? window","            : global;","        switch (local.modeJs) {","        // re-init local from window.local","        case 'browser':","            local = local.global.utility2.objectSetDefault(","                local.global.utility2_rollup || local.global.local,","                local.global.utility2","            );","            break;","        // re-init local from example.js","        case 'node':","            local = (local.global.utility2_rollup || require('utility2'))","                .requireReadme();","            break;","        }","        // export local","        local.global.local = local;","    }());","","","","    // run shared js-env code - function","    (function () {","        return;","    }());","    switch (local.modeJs) {","","","","    // run browser js-env code - function","    case 'browser':","        break;","","","","    // run node js-env code - function","    case 'node':","        break;","    }","","","","    // run shared js-env code - post-init","    (function () {","        return;","    }());","    switch (local.modeJs) {","","","","    // run browser js-env code - post-init","    case 'browser':","        local.testCase_browser_nullCase = local.testCase_browser_nullCase || function (","            options,","            onError","        ) {","        /*","         * this function will test browsers's null-case handling-behavior-behavior","         */","            onError(null, options);","        };","","        // run tests","        local.nop(local.modeTest &&","            document.querySelector('#testRunButton1') &&","            document.querySelector('#testRunButton1').click());","        break;","","","","    // run node js-env code - post-init","    /* istanbul ignore next */","    case 'node':","        local.testCase_buildApidoc_default = local.testCase_buildApidoc_default || function (","            options,","            onError","        ) {","        /*","         * this function will test buildApidoc's default handling-behavior-behavior","         */","            options = { modulePathList: module.paths };","            local.buildApidoc(options, onError);","        };","","        local.testCase_buildApp_default = local.testCase_buildApp_default || function (","            options,","            onError","        ) {","        /*","         * this function will test buildApp's default handling-behavior-behavior","         */","            local.testCase_buildReadme_default(options, local.onErrorThrow);","            local.testCase_buildLib_default(options, local.onErrorThrow);","            local.testCase_buildTest_default(options, local.onErrorThrow);","            local.testCase_buildCustomOrg_default(options, local.onErrorThrow);","            options = [];","            local.buildApp(options, onError);","        };","","        local.testCase_buildCustomOrg_default = local.testCase_buildCustomOrg_default ||","            function (options, onError) {","            /*","             * this function will test buildCustomOrg's default handling-behavior","             */","                options = {};","                local.buildCustomOrg(options, onError);","            };","","        local.testCase_buildLib_default = local.testCase_buildLib_default || function (","            options,","            onError","        ) {","        /*","         * this function will test buildLib's default handling-behavior","         */","            options = {};","            local.buildLib(options, onError);","        };","","        local.testCase_buildReadme_default = local.testCase_buildReadme_default || function (","            options,","            onError","        ) {","        /*","         * this function will test buildReadme's default handling-behavior-behavior","         */","            options = {};","            local.buildReadme(options, onError);","        };","","        local.testCase_buildTest_default = local.testCase_buildTest_default || function (","            options,","            onError","        ) {","        /*","         * this function will test buildTest's default handling-behavior","         */","            options = {};","            local.buildTest(options, onError);","        };","","        local.testCase_webpage_default = local.testCase_webpage_default || function (","            options,","            onError","        ) {","        /*","         * this function will test webpage's default handling-behavior","         */","            options = { modeCoverageMerge: true, url: local.serverLocalHost + '?modeTest=1' };","            local.browserTest(options, onError);","        };","","        // run test-server","        local.testRunServer(local);","        break;","    }","}());",""],"l":{"12":2,"14":2,"19":2,"21":2,"23":2,"24":2,"25":2,"30":1,"37":2,"40":2,"43":1,"47":1,"50":1,"52":1,"55":2,"61":2,"62":2,"64":2,"70":1,"76":1,"82":2,"83":2,"85":2,"91":1,"98":1,"102":1,"105":1,"112":1,"119":1,"120":1,"123":1,"130":1,"131":1,"132":1,"133":1,"134":1,"135":1,"138":1,"143":2,"144":2,"147":1,"154":2,"155":2,"158":1,"165":2,"166":2,"169":1,"176":2,"177":2,"180":1,"187":1,"188":1,"192":1,"193":1}},"/home/travis/build/npmtest/node-npmtest-generate/lib.npmtest_generate.js":{"path":"/home/travis/build/npmtest/node-npmtest-generate/lib.npmtest_generate.js","s":{"1":2,"2":2,"3":2,"4":2,"5":2,"6":2,"7":2,"8":1,"9":2,"10":2,"11":2,"12":2,"13":1,"14":1,"15":1,"16":1},"b":{"1":[2,1,1,1],"2":[1,1,1,1],"3":[1,1],"4":[2,2],"5":[1,1]},"f":{"1":2,"2":2,"3":2},"fnMap":{"1":{"name":"(anonymous_1)","line":12,"loc":{"start":{"line":12,"column":1},"end":{"line":12,"column":13}}},"2":{"name":"(anonymous_2)","line":19,"loc":{"start":{"line":19,"column":5},"end":{"line":19,"column":17}}},"3":{"name":"(anonymous_3)","line":23,"loc":{"start":{"line":23,"column":24},"end":{"line":23,"column":36}}}},"statementMap":{"1":{"start":{"line":12,"column":0},"end":{"line":53,"column":5}},"2":{"start":{"line":14,"column":4},"end":{"line":14,"column":14}},"3":{"start":{"line":19,"column":4},"end":{"line":52,"column":9}},"4":{"start":{"line":21,"column":8},"end":{"line":21,"column":19}},"5":{"start":{"line":23,"column":8},"end":{"line":35,"column":13}},"6":{"start":{"line":24,"column":12},"end":{"line":34,"column":13}},"7":{"start":{"line":25,"column":16},"end":{"line":28,"column":30}},"8":{"start":{"line":30,"column":16},"end":{"line":33,"column":27}},"9":{"start":{"line":37,"column":8},"end":{"line":39,"column":21}},"10":{"start":{"line":41,"column":8},"end":{"line":41,"column":54}},"11":{"start":{"line":43,"column":8},"end":{"line":43,"column":53}},"12":{"start":{"line":45,"column":8},"end":{"line":51,"column":9}},"13":{"start":{"line":46,"column":12},"end":{"line":46,"column":59}},"14":{"start":{"line":48,"column":12},"end":{"line":48,"column":35}},"15":{"start":{"line":49,"column":12},"end":{"line":49,"column":49}},"16":{"start":{"line":50,"column":12},"end":{"line":50,"column":43}}},"branchMap":{"1":{"line":25,"type":"binary-expr","locations":[{"start":{"line":25,"column":23},"end":{"line":25,"column":62}},{"start":{"line":26,"column":20},"end":{"line":26,"column":70}},{"start":{"line":27,"column":20},"end":{"line":27,"column":71}},{"start":{"line":28,"column":20},"end":{"line":28,"column":29}}]},"2":{"line":30,"type":"binary-expr","locations":[{"start":{"line":30,"column":23},"end":{"line":30,"column":37}},{"start":{"line":31,"column":20},"end":{"line":31,"column":61}},{"start":{"line":32,"column":20},"end":{"line":32,"column":70}},{"start":{"line":33,"column":20},"end":{"line":33,"column":26}}]},"3":{"line":37,"type":"cond-expr","locations":[{"start":{"line":38,"column":14},"end":{"line":38,"column":20}},{"start":{"line":39,"column":14},"end":{"line":39,"column":20}}]},"4":{"line":41,"type":"binary-expr","locations":[{"start":{"line":41,"column":16},"end":{"line":41,"column":44}},{"start":{"line":41,"column":48},"end":{"line":41,"column":53}}]},"5":{"line":45,"type":"if","locations":[{"start":{"line":45,"column":8},"end":{"line":45,"column":8}},{"start":{"line":45,"column":8},"end":{"line":45,"column":8}}]}},"code":["/* istanbul instrument in package npmtest_generate */","/*jslint","    bitwise: true,","    browser: true,","    maxerr: 8,","    maxlen: 96,","    node: true,","    nomen: true,","    regexp: true,","    stupid: true","*/","(function () {","    'use strict';","    var local;","","","","    // run shared js-env code - pre-init","    (function () {","        // init local","        local = {};","        // init modeJs","        local.modeJs = (function () {","            try {","                return typeof navigator.userAgent === 'string' &&","                    typeof document.querySelector('body') === 'object' &&","                    typeof XMLHttpRequest.prototype.open === 'function' &&","                    'browser';","            } catch (errorCaughtBrowser) {","                return module.exports &&","                    typeof process.versions.node === 'string' &&","                    typeof require('http').createServer === 'function' &&","                    'node';","            }","        }());","        // init global","        local.global = local.modeJs === 'browser'","            ? window","            : global;","        // init utility2_rollup","        local = local.global.utility2_rollup || local;","        // init lib","        local.local = local.npmtest_generate = local;","        // init exports","        if (local.modeJs === 'browser') {","            local.global.utility2_npmtest_generate = local;","        } else {","            module.exports = local;","            module.exports.__dirname = __dirname;","            module.exports.module = module;","        }","    }());","}());",""],"l":{"12":2,"14":2,"19":2,"21":2,"23":2,"24":2,"25":2,"30":1,"37":2,"41":2,"43":2,"45":2,"46":1,"48":1,"49":1,"50":1}},"/home/travis/build/npmtest/node-npmtest-generate/example.js":{"path":"/home/travis/build/npmtest/node-npmtest-generate/example.js","s":{"1":2,"2":2,"3":2,"4":2,"5":2,"6":2,"7":2,"8":1,"9":2,"10":2,"11":2,"12":2,"13":1,"14":2,"15":2,"16":2,"17":2,"18":2,"19":0,"20":2,"21":1,"22":1,"23":1,"24":1,"25":1,"26":0,"27":0,"28":1,"29":1,"30":2,"31":0,"32":0,"33":0,"34":1,"35":2,"36":2,"37":3,"38":3,"39":3,"40":3,"41":0,"42":3,"43":3,"44":3,"45":1,"46":3,"47":1,"48":1,"49":1,"50":1,"51":1,"52":1,"53":1,"54":1,"55":1,"56":1,"57":0,"58":1,"59":6,"60":6,"61":1,"62":2,"63":0,"64":2,"65":1,"66":1,"67":0,"68":0,"69":0,"70":0,"71":0,"72":0,"73":0,"74":0,"75":0,"76":0,"77":0,"78":0,"79":0,"80":0,"81":0,"82":0,"83":0},"b":{"1":[2,1,1,1],"2":[1,1,1,1],"3":[1,1],"4":[2,2],"5":[1,1],"6":[1,1],"7":[2,0],"8":[2,1,1,1,1,1],"9":[0,2,0],"10":[1,1],"11":[2,1,1],"12":[1,0],"13":[0,2],"14":[2,0,0,0,0,0,0],"15":[0,3],"16":[3,0],"17":[1,1],"18":[0,1],"19":[1,2,0,2],"20":[1,0],"21":[1,1],"22":[0,0],"23":[0,0],"24":[0,0],"25":[0,0],"26":[0,0],"27":[0,0],"28":[0,0]},"f":{"1":2,"2":2,"3":2,"4":2,"5":2,"6":2,"7":3,"8":3,"9":3,"10":1,"11":6,"12":0},"fnMap":{"1":{"name":"(anonymous_1)","line":26,"loc":{"start":{"line":26,"column":1},"end":{"line":26,"column":13}}},"2":{"name":"(anonymous_2)","line":33,"loc":{"start":{"line":33,"column":5},"end":{"line":33,"column":17}}},"3":{"name":"(anonymous_3)","line":37,"loc":{"start":{"line":37,"column":24},"end":{"line":37,"column":36}}},"4":{"name":"(anonymous_4)","line":69,"loc":{"start":{"line":69,"column":31},"end":{"line":69,"column":48}},"skip":true},"5":{"name":"(anonymous_5)","line":78,"loc":{"start":{"line":78,"column":26},"end":{"line":78,"column":45}},"skip":true},"6":{"name":"(anonymous_6)","line":123,"loc":{"start":{"line":123,"column":33},"end":{"line":123,"column":48}},"skip":true},"7":{"name":"(anonymous_7)","line":125,"loc":{"start":{"line":125,"column":27},"end":{"line":125,"column":39}},"skip":true},"8":{"name":"(anonymous_8)","line":133,"loc":{"start":{"line":133,"column":59},"end":{"line":133,"column":74}},"skip":true},"9":{"name":"(anonymous_9)","line":143,"loc":{"start":{"line":143,"column":45},"end":{"line":143,"column":62}},"skip":true},"10":{"name":"(anonymous_10)","line":144,"loc":{"start":{"line":144,"column":73},"end":{"line":144,"column":92}},"skip":true},"11":{"name":"(anonymous_11)","line":272,"loc":{"start":{"line":272,"column":51},"end":{"line":272,"column":77}},"skip":true},"12":{"name":"(anonymous_12)","line":315,"loc":{"start":{"line":315,"column":32},"end":{"line":315,"column":61}},"skip":true}},"statementMap":{"1":{"start":{"line":26,"column":0},"end":{"line":326,"column":5}},"2":{"start":{"line":28,"column":4},"end":{"line":28,"column":14}},"3":{"start":{"line":33,"column":4},"end":{"line":60,"column":9}},"4":{"start":{"line":35,"column":8},"end":{"line":35,"column":19}},"5":{"start":{"line":37,"column":8},"end":{"line":49,"column":13}},"6":{"start":{"line":38,"column":12},"end":{"line":48,"column":13}},"7":{"start":{"line":39,"column":16},"end":{"line":42,"column":30}},"8":{"start":{"line":44,"column":16},"end":{"line":47,"column":27}},"9":{"start":{"line":51,"column":8},"end":{"line":53,"column":21}},"10":{"start":{"line":55,"column":8},"end":{"line":57,"column":45}},"11":{"start":{"line":59,"column":8},"end":{"line":59,"column":35}},"12":{"start":{"line":61,"column":4},"end":{"line":325,"column":5}},"13":{"start":{"line":69,"column":8},"end":{"line":121,"column":10},"skip":true},"14":{"start":{"line":70,"column":12},"end":{"line":88,"column":13},"skip":true},"15":{"start":{"line":76,"column":16},"end":{"line":87,"column":19},"skip":true},"16":{"start":{"line":79,"column":20},"end":{"line":86,"column":21},"skip":true},"17":{"start":{"line":82,"column":24},"end":{"line":82,"column":43},"skip":true},"18":{"start":{"line":83,"column":24},"end":{"line":83,"column":30},"skip":true},"19":{"start":{"line":85,"column":24},"end":{"line":85,"column":49},"skip":true},"20":{"start":{"line":89,"column":12},"end":{"line":107,"column":13},"skip":true},"21":{"start":{"line":92,"column":16},"end":{"line":102,"column":17},"skip":true},"22":{"start":{"line":93,"column":20},"end":{"line":93,"column":86},"skip":true},"23":{"start":{"line":94,"column":20},"end":{"line":95,"column":45},"skip":true},"24":{"start":{"line":96,"column":20},"end":{"line":96,"column":42},"skip":true},"25":{"start":{"line":97,"column":20},"end":{"line":97,"column":48},"skip":true},"26":{"start":{"line":100,"column":20},"end":{"line":100,"column":85},"skip":true},"27":{"start":{"line":101,"column":20},"end":{"line":101,"column":96},"skip":true},"28":{"start":{"line":103,"column":16},"end":{"line":103,"column":22},"skip":true},"29":{"start":{"line":106,"column":16},"end":{"line":106,"column":22},"skip":true},"30":{"start":{"line":108,"column":12},"end":{"line":120,"column":13},"skip":true},"31":{"start":{"line":114,"column":16},"end":{"line":119,"column":17},"skip":true},"32":{"start":{"line":116,"column":20},"end":{"line":116,"column":78},"skip":true},"33":{"start":{"line":118,"column":20},"end":{"line":118,"column":47},"skip":true},"34":{"start":{"line":123,"column":8},"end":{"line":141,"column":11},"skip":true},"35":{"start":{"line":124,"column":12},"end":{"line":124,"column":54},"skip":true},"36":{"start":{"line":125,"column":12},"end":{"line":140,"column":14},"skip":true},"37":{"start":{"line":126,"column":16},"end":{"line":126,"column":28},"skip":true},"38":{"start":{"line":127,"column":16},"end":{"line":127,"column":69},"skip":true},"39":{"start":{"line":128,"column":16},"end":{"line":128,"column":75},"skip":true},"40":{"start":{"line":129,"column":16},"end":{"line":131,"column":17},"skip":true},"41":{"start":{"line":130,"column":20},"end":{"line":130,"column":27},"skip":true},"42":{"start":{"line":133,"column":16},"end":{"line":137,"column":36},"skip":true},"43":{"start":{"line":134,"column":20},"end":{"line":136,"column":55},"skip":true},"44":{"start":{"line":139,"column":16},"end":{"line":139,"column":57},"skip":true},"45":{"start":{"line":143,"column":8},"end":{"line":147,"column":11},"skip":true},"46":{"start":{"line":144,"column":12},"end":{"line":146,"column":15},"skip":true},"47":{"start":{"line":145,"column":16},"end":{"line":145,"column":70},"skip":true},"48":{"start":{"line":149,"column":8},"end":{"line":149,"column":31},"skip":true},"49":{"start":{"line":150,"column":8},"end":{"line":150,"column":14},"skip":true},"50":{"start":{"line":158,"column":8},"end":{"line":158,"column":31},"skip":true},"51":{"start":{"line":160,"column":8},"end":{"line":160,"column":33},"skip":true},"52":{"start":{"line":161,"column":8},"end":{"line":161,"column":37},"skip":true},"53":{"start":{"line":162,"column":8},"end":{"line":162,"column":35},"skip":true},"54":{"start":{"line":164,"column":8},"end":{"line":164,"column":50},"skip":true},"55":{"start":{"line":166,"column":8},"end":{"line":256,"column":2},"skip":true},"56":{"start":{"line":258,"column":8},"end":{"line":286,"column":9},"skip":true},"57":{"start":{"line":259,"column":12},"end":{"line":269,"column":14},"skip":true},"58":{"start":{"line":271,"column":12},"end":{"line":285,"column":19},"skip":true},"59":{"start":{"line":274,"column":20},"end":{"line":274,"column":35},"skip":true},"60":{"start":{"line":275,"column":20},"end":{"line":284,"column":21},"skip":true},"61":{"start":{"line":277,"column":24},"end":{"line":277,"column":64},"skip":true},"62":{"start":{"line":279,"column":24},"end":{"line":279,"column":40},"skip":true},"63":{"start":{"line":281,"column":24},"end":{"line":281,"column":40},"skip":true},"64":{"start":{"line":283,"column":24},"end":{"line":283,"column":39},"skip":true},"65":{"start":{"line":288,"column":8},"end":{"line":290,"column":9},"skip":true},"66":{"start":{"line":289,"column":12},"end":{"line":289,"column":18},"skip":true},"67":{"start":{"line":291,"column":8},"end":{"line":293,"column":54},"skip":true},"68":{"start":{"line":296,"column":8},"end":{"line":301,"column":37},"skip":true},"69":{"start":{"line":303,"column":8},"end":{"line":303,"column":82},"skip":true},"70":{"start":{"line":306,"column":8},"end":{"line":308,"column":9},"skip":true},"71":{"start":{"line":307,"column":12},"end":{"line":307,"column":82},"skip":true},"72":{"start":{"line":310,"column":8},"end":{"line":312,"column":9},"skip":true},"73":{"start":{"line":311,"column":12},"end":{"line":311,"column":18},"skip":true},"74":{"start":{"line":313,"column":8},"end":{"line":313,"column":54},"skip":true},"75":{"start":{"line":314,"column":8},"end":{"line":314,"column":69},"skip":true},"76":{"start":{"line":315,"column":8},"end":{"line":323,"column":36},"skip":true},"77":{"start":{"line":316,"column":12},"end":{"line":316,"column":61},"skip":true},"78":{"start":{"line":317,"column":12},"end":{"line":320,"column":13},"skip":true},"79":{"start":{"line":318,"column":16},"end":{"line":318,"column":75},"skip":true},"80":{"start":{"line":319,"column":16},"end":{"line":319,"column":23},"skip":true},"81":{"start":{"line":321,"column":12},"end":{"line":321,"column":38},"skip":true},"82":{"start":{"line":322,"column":12},"end":{"line":322,"column":27},"skip":true},"83":{"start":{"line":324,"column":8},"end":{"line":324,"column":14},"skip":true}},"branchMap":{"1":{"line":39,"type":"binary-expr","locations":[{"start":{"line":39,"column":23},"end":{"line":39,"column":62}},{"start":{"line":40,"column":20},"end":{"line":40,"column":70}},{"start":{"line":41,"column":20},"end":{"line":41,"column":71}},{"start":{"line":42,"column":20},"end":{"line":42,"column":29}}]},"2":{"line":44,"type":"binary-expr","locations":[{"start":{"line":44,"column":23},"end":{"line":44,"column":37}},{"start":{"line":45,"column":20},"end":{"line":45,"column":61}},{"start":{"line":46,"column":20},"end":{"line":46,"column":70}},{"start":{"line":47,"column":20},"end":{"line":47,"column":26}}]},"3":{"line":51,"type":"cond-expr","locations":[{"start":{"line":52,"column":14},"end":{"line":52,"column":20}},{"start":{"line":53,"column":14},"end":{"line":53,"column":20}}]},"4":{"line":55,"type":"binary-expr","locations":[{"start":{"line":55,"column":16},"end":{"line":55,"column":44}},{"start":{"line":55,"column":49},"end":{"line":57,"column":43}}]},"5":{"line":55,"type":"cond-expr","locations":[{"start":{"line":56,"column":14},"end":{"line":56,"column":52}},{"start":{"line":57,"column":14},"end":{"line":57,"column":43}}]},"6":{"line":61,"type":"switch","locations":[{"start":{"line":68,"column":4},"end":{"line":150,"column":14},"skip":true},{"start":{"line":156,"column":4},"end":{"line":324,"column":14},"skip":true}]},"7":{"line":70,"type":"if","locations":[{"start":{"line":70,"column":12},"end":{"line":70,"column":12},"skip":true},{"start":{"line":70,"column":12},"end":{"line":70,"column":12},"skip":true}]},"8":{"line":70,"type":"binary-expr","locations":[{"start":{"line":70,"column":16},"end":{"line":70,"column":22},"skip":true},{"start":{"line":70,"column":27},"end":{"line":70,"column":32},"skip":true},{"start":{"line":71,"column":20},"end":{"line":71,"column":39},"skip":true},{"start":{"line":72,"column":20},"end":{"line":72,"column":49},"skip":true},{"start":{"line":73,"column":20},"end":{"line":73,"column":58},"skip":true},{"start":{"line":74,"column":20},"end":{"line":74,"column":69},"skip":true}]},"9":{"line":79,"type":"switch","locations":[{"start":{"line":80,"column":20},"end":{"line":80,"column":33},"skip":true},{"start":{"line":81,"column":20},"end":{"line":83,"column":30},"skip":true},{"start":{"line":84,"column":20},"end":{"line":85,"column":49},"skip":true}]},"10":{"line":89,"type":"switch","locations":[{"start":{"line":90,"column":12},"end":{"line":103,"column":22},"skip":true},{"start":{"line":105,"column":12},"end":{"line":106,"column":22},"skip":true}]},"11":{"line":89,"type":"binary-expr","locations":[{"start":{"line":89,"column":20},"end":{"line":89,"column":25},"skip":true},{"start":{"line":89,"column":29},"end":{"line":89,"column":48},"skip":true},{"start":{"line":89,"column":52},"end":{"line":89,"column":74},"skip":true}]},"12":{"line":92,"type":"if","locations":[{"start":{"line":92,"column":16},"end":{"line":92,"column":16},"skip":true},{"start":{"line":92,"column":16},"end":{"line":92,"column":16},"skip":true}]},"13":{"line":108,"type":"if","locations":[{"start":{"line":108,"column":12},"end":{"line":108,"column":12},"skip":true},{"start":{"line":108,"column":12},"end":{"line":108,"column":12},"skip":true}]},"14":{"line":108,"type":"binary-expr","locations":[{"start":{"line":108,"column":16},"end":{"line":108,"column":61},"skip":true},{"start":{"line":108,"column":66},"end":{"line":108,"column":72},"skip":true},{"start":{"line":108,"column":77},"end":{"line":108,"column":82},"skip":true},{"start":{"line":109,"column":20},"end":{"line":109,"column":39},"skip":true},{"start":{"line":110,"column":20},"end":{"line":110,"column":49},"skip":true},{"start":{"line":111,"column":20},"end":{"line":111,"column":58},"skip":true},{"start":{"line":112,"column":20},"end":{"line":112,"column":68},"skip":true}]},"15":{"line":129,"type":"if","locations":[{"start":{"line":129,"column":16},"end":{"line":129,"column":16},"skip":true},{"start":{"line":129,"column":16},"end":{"line":129,"column":16},"skip":true}]},"16":{"line":134,"type":"cond-expr","locations":[{"start":{"line":135,"column":26},"end":{"line":135,"column":29},"skip":true},{"start":{"line":136,"column":26},"end":{"line":136,"column":54},"skip":true}]},"17":{"line":164,"type":"binary-expr","locations":[{"start":{"line":164,"column":27},"end":{"line":164,"column":43},"skip":true},{"start":{"line":164,"column":47},"end":{"line":164,"column":49},"skip":true}]},"18":{"line":258,"type":"if","locations":[{"start":{"line":258,"column":8},"end":{"line":258,"column":8},"skip":true},{"start":{"line":258,"column":8},"end":{"line":258,"column":8},"skip":true}]},"19":{"line":275,"type":"switch","locations":[{"start":{"line":276,"column":20},"end":{"line":277,"column":64},"skip":true},{"start":{"line":278,"column":20},"end":{"line":279,"column":40},"skip":true},{"start":{"line":280,"column":20},"end":{"line":281,"column":40},"skip":true},{"start":{"line":282,"column":20},"end":{"line":283,"column":39},"skip":true}]},"20":{"line":288,"type":"if","locations":[{"start":{"line":288,"column":8},"end":{"line":288,"column":8},"skip":true},{"start":{"line":288,"column":8},"end":{"line":288,"column":8},"skip":true}]},"21":{"line":288,"type":"binary-expr","locations":[{"start":{"line":288,"column":12},"end":{"line":288,"column":40},"skip":true},{"start":{"line":288,"column":44},"end":{"line":288,"column":67},"skip":true}]},"22":{"line":292,"type":"binary-expr","locations":[{"start":{"line":292,"column":12},"end":{"line":292,"column":50},"skip":true},{"start":{"line":293,"column":12},"end":{"line":293,"column":53},"skip":true}]},"23":{"line":297,"type":"binary-expr","locations":[{"start":{"line":297,"column":12},"end":{"line":297,"column":66},"skip":true},{"start":{"line":298,"column":12},"end":{"line":301,"column":36},"skip":true}]},"24":{"line":303,"type":"binary-expr","locations":[{"start":{"line":303,"column":43},"end":{"line":303,"column":75},"skip":true},{"start":{"line":303,"column":79},"end":{"line":303,"column":81},"skip":true}]},"25":{"line":306,"type":"if","locations":[{"start":{"line":306,"column":8},"end":{"line":306,"column":8},"skip":true},{"start":{"line":306,"column":8},"end":{"line":306,"column":8},"skip":true}]},"26":{"line":310,"type":"if","locations":[{"start":{"line":310,"column":8},"end":{"line":310,"column":8},"skip":true},{"start":{"line":310,"column":8},"end":{"line":310,"column":8},"skip":true}]},"27":{"line":313,"type":"binary-expr","locations":[{"start":{"line":313,"column":27},"end":{"line":313,"column":43},"skip":true},{"start":{"line":313,"column":47},"end":{"line":313,"column":53},"skip":true}]},"28":{"line":317,"type":"if","locations":[{"start":{"line":317,"column":12},"end":{"line":317,"column":12},"skip":true},{"start":{"line":317,"column":12},"end":{"line":317,"column":12},"skip":true}]}},"code":["/*","example.js","","quickstart example","","instruction","    1. save this script as example.js","    2. run the shell command:","        $ npm install npmtest-generate && PORT=8081 node example.js","    3. play with the browser-demo on http://127.0.0.1:8081","*/","","","","/* istanbul instrument in package npmtest_generate */","/*jslint","    bitwise: true,","    browser: true,","    maxerr: 8,","    maxlen: 96,","    node: true,","    nomen: true,","    regexp: true,","    stupid: true","*/","(function () {","    'use strict';","    var local;","","","","    // run shared js-env code - pre-init","    (function () {","        // init local","        local = {};","        // init modeJs","        local.modeJs = (function () {","            try {","                return typeof navigator.userAgent === 'string' &&","                    typeof document.querySelector('body') === 'object' &&","                    typeof XMLHttpRequest.prototype.open === 'function' &&","                    'browser';","            } catch (errorCaughtBrowser) {","                return module.exports &&","                    typeof process.versions.node === 'string' &&","                    typeof require('http').createServer === 'function' &&","                    'node';","            }","        }());","        // init global","        local.global = local.modeJs === 'browser'","            ? window","            : global;","        // init utility2_rollup","        local = local.global.utility2_rollup || (local.modeJs === 'browser'","            ? local.global.utility2_npmtest_generate","            : global.utility2_moduleExports);","        // export local","        local.global.local = local;","    }());","    switch (local.modeJs) {","","","","    // post-init","    // run browser js-env code - post-init","    /* istanbul ignore next */","    case 'browser':","        local.testRunBrowser = function (event) {","            if (!event || (event &&","                    event.currentTarget &&","                    event.currentTarget.className &&","                    event.currentTarget.className.includes &&","                    event.currentTarget.className.includes('onreset'))) {","                // reset output","                Array.from(","                    document.querySelectorAll('body > .resettable')","                ).forEach(function (element) {","                    switch (element.tagName) {","                    case 'INPUT':","                    case 'TEXTAREA':","                        element.value = '';","                        break;","                    default:","                        element.textContent = '';","                    }","                });","            }","            switch (event && event.currentTarget && event.currentTarget.id) {","            case 'testRunButton1':","                // show tests","                if (document.querySelector('#testReportDiv1').style.display === 'none') {","                    document.querySelector('#testReportDiv1').style.display = 'block';","                    document.querySelector('#testRunButton1').textContent =","                        'hide internal test';","                    local.modeTest = true;","                    local.testRunDefault(local);","                // hide tests","                } else {","                    document.querySelector('#testReportDiv1').style.display = 'none';","                    document.querySelector('#testRunButton1').textContent = 'run internal test';","                }","                break;","            // custom-case","            default:","                break;","            }","            if (document.querySelector('#inputTextareaEval1') && (!event || (event &&","                    event.currentTarget &&","                    event.currentTarget.className &&","                    event.currentTarget.className.includes &&","                    event.currentTarget.className.includes('oneval')))) {","                // try to eval input-code","                try {","                    /*jslint evil: true*/","                    eval(document.querySelector('#inputTextareaEval1').value);","                } catch (errorCaught) {","                    console.error(errorCaught);","                }","            }","        };","        // log stderr and stdout to #outputTextareaStdout1","        ['error', 'log'].forEach(function (key) {","            console[key + '_original'] = console[key];","            console[key] = function () {","                var element;","                console[key + '_original'].apply(console, arguments);","                element = document.querySelector('#outputTextareaStdout1');","                if (!element) {","                    return;","                }","                // append text to #outputTextareaStdout1","                element.value += Array.from(arguments).map(function (arg) {","                    return typeof arg === 'string'","                        ? arg","                        : JSON.stringify(arg, null, 4);","                }).join(' ') + '\\n';","                // scroll textarea to bottom","                element.scrollTop = element.scrollHeight;","            };","        });","        // init event-handling","        ['change', 'click', 'keyup'].forEach(function (event) {","            Array.from(document.querySelectorAll('.on' + event)).forEach(function (element) {","                element.addEventListener(event, local.testRunBrowser);","            });","        });","        // run tests","        local.testRunBrowser();","        break;","","","","    // run node js-env code - post-init","    /* istanbul ignore next */","    case 'node':","        // export local","        module.exports = local;","        // require modules","        local.fs = require('fs');","        local.http = require('http');","        local.url = require('url');","        // init assets","        local.assetsDict = local.assetsDict || {};","        /* jslint-ignore-begin */","        local.assetsDict['/assets.index.template.html'] = '\\","<!doctype html>\\n\\","<html lang=\"en\">\\n\\","<head>\\n\\","<meta charset=\"UTF-8\">\\n\\","<meta name=\"viewport\" content=\"width=device-width, initial-scale=1\">\\n\\","<title>{{env.npm_package_name}} (v{{env.npm_package_version}})</title>\\n\\","<style>\\n\\","/*csslint\\n\\","    box-sizing: false,\\n\\","    universal-selector: false\\n\\","*/\\n\\","* {\\n\\","    box-sizing: border-box;\\n\\","}\\n\\","body {\\n\\","    background: #dde;\\n\\","    font-family: Arial, Helvetica, sans-serif;\\n\\","    margin: 2rem;\\n\\","}\\n\\","body > * {\\n\\","    margin-bottom: 1rem;\\n\\","}\\n\\",".utility2FooterDiv {\\n\\","    margin-top: 20px;\\n\\","    text-align: center;\\n\\","}\\n\\","</style>\\n\\","<style>\\n\\","/*csslint\\n\\","*/\\n\\","textarea {\\n\\","    font-family: monospace;\\n\\","    height: 10rem;\\n\\","    width: 100%;\\n\\","}\\n\\","textarea[readonly] {\\n\\","    background: #ddd;\\n\\","}\\n\\","</style>\\n\\","</head>\\n\\","<body>\\n\\","<!-- utility2-comment\\n\\","<div id=\"ajaxProgressDiv1\" style=\"background: #d00; height: 2px; left: 0; margin: 0; padding: 0; position: fixed; top: 0; transition: background 0.5s, width 1.5s; width: 25%;\"></div>\\n\\","utility2-comment -->\\n\\","<h1>\\n\\","<!-- utility2-comment\\n\\","    <a\\n\\","        {{#if env.npm_package_homepage}}\\n\\","        href=\"{{env.npm_package_homepage}}\"\\n\\","        {{/if env.npm_package_homepage}}\\n\\","        target=\"_blank\"\\n\\","    >\\n\\","utility2-comment -->\\n\\","        {{env.npm_package_name}} (v{{env.npm_package_version}})\\n\\","<!-- utility2-comment\\n\\","    </a>\\n\\","utility2-comment -->\\n\\","</h1>\\n\\","<h3>{{env.npm_package_description}}</h3>\\n\\","<!-- utility2-comment\\n\\","<h4><a download href=\"assets.app.js\">download standalone app</a></h4>\\n\\","<button class=\"onclick onreset\" id=\"testRunButton1\">run internal test</button><br>\\n\\","<div id=\"testReportDiv1\" style=\"display: none;\"></div>\\n\\","utility2-comment -->\\n\\","\\n\\","\\n\\","\\n\\","<label>stderr and stdout</label>\\n\\","<textarea class=\"resettable\" id=\"outputTextareaStdout1\" readonly></textarea>\\n\\","<!-- utility2-comment\\n\\","{{#if isRollup}}\\n\\","<script src=\"assets.app.js\"></script>\\n\\","{{#unless isRollup}}\\n\\","utility2-comment -->\\n\\","<script src=\"assets.utility2.rollup.js\"></script>\\n\\","<script src=\"jsonp.utility2._stateInit?callback=window.utility2._stateInit\"></script>\\n\\","<script src=\"assets.npmtest_generate.rollup.js\"></script>\\n\\","<script src=\"assets.example.js\"></script>\\n\\","<script src=\"assets.test.js\"></script>\\n\\","<!-- utility2-comment\\n\\","{{/if isRollup}}\\n\\","utility2-comment -->\\n\\","<div class=\"utility2FooterDiv\">\\n\\","    [ this app was created with\\n\\","    <a href=\"https://github.com/kaizhu256/node-utility2\" target=\"_blank\">utility2</a>\\n\\","    ]\\n\\","</div>\\n\\","</body>\\n\\","</html>\\n\\","';","        /* jslint-ignore-end */","        if (local.templateRender) {","            local.assetsDict['/'] = local.templateRender(","                local.assetsDict['/assets.index.template.html'],","                {","                    env: local.objectSetDefault(local.env, {","                        npm_package_description: 'the greatest app in the world!',","                        npm_package_name: 'my-app',","                        npm_package_nameAlias: 'my_app',","                        npm_package_version: '0.0.1'","                    })","                }","            );","        } else {","            local.assetsDict['/'] = local.assetsDict['/assets.index.template.html']","                .replace((/\\{\\{env\\.(\\w+?)\\}\\}/g), function (match0, match1) {","                    // jslint-hack","                    String(match0);","                    switch (match1) {","                    case 'npm_package_description':","                        return 'the greatest app in the world!';","                    case 'npm_package_name':","                        return 'my-app';","                    case 'npm_package_nameAlias':","                        return 'my_app';","                    case 'npm_package_version':","                        return '0.0.1';","                    }","                });","        }","        // run the cli","        if (local.global.utility2_rollup || module !== require.main) {","            break;","        }","        local.assetsDict['/assets.example.js'] =","            local.assetsDict['/assets.example.js'] ||","            local.fs.readFileSync(__filename, 'utf8');","        // bug-workaround - long $npm_package_buildCustomOrg","        /* jslint-ignore-begin */","        local.assetsDict['/assets.npmtest_generate.rollup.js'] =","            local.assetsDict['/assets.npmtest_generate.rollup.js'] ||","            local.fs.readFileSync(","                local.npmtest_generate.__dirname + '/lib.npmtest_generate.js',","                'utf8'","            ).replace((/^#!/), '//');","        /* jslint-ignore-end */","        local.assetsDict['/favicon.ico'] = local.assetsDict['/favicon.ico'] || '';","        // if $npm_config_timeout_exit exists,","        // then exit this process after $npm_config_timeout_exit ms","        if (Number(process.env.npm_config_timeout_exit)) {","            setTimeout(process.exit, Number(process.env.npm_config_timeout_exit));","        }","        // start server","        if (local.global.utility2_serverHttp1) {","            break;","        }","        process.env.PORT = process.env.PORT || '8081';","        console.error('server starting on port ' + process.env.PORT);","        local.http.createServer(function (request, response) {","            request.urlParsed = local.url.parse(request.url);","            if (local.assetsDict[request.urlParsed.pathname] !== undefined) {","                response.end(local.assetsDict[request.urlParsed.pathname]);","                return;","            }","            response.statusCode = 404;","            response.end();","        }).listen(process.env.PORT);","        break;","    }","}());",""],"l":{"26":2,"28":2,"33":2,"35":2,"37":2,"38":2,"39":2,"44":1,"51":2,"55":2,"59":2,"61":2,"69":1,"70":2,"76":2,"79":2,"82":2,"83":2,"85":1,"89":2,"92":1,"93":1,"94":1,"96":1,"97":1,"100":1,"101":1,"103":1,"106":1,"108":2,"114":1,"116":1,"118":1,"123":1,"124":2,"125":2,"126":3,"127":3,"128":3,"129":3,"130":1,"133":3,"134":3,"139":3,"143":1,"144":3,"145":1,"149":1,"150":1,"158":1,"160":1,"161":1,"162":1,"164":1,"166":1,"258":1,"259":1,"271":1,"274":6,"275":6,"277":1,"279":2,"281":1,"283":2,"288":1,"289":1,"291":1,"296":1,"303":1,"306":1,"307":1,"310":1,"311":1,"313":1,"314":1,"315":1,"316":1,"317":1,"318":1,"319":1,"321":1,"322":1,"324":1}},"/home/travis/build/npmtest/node-npmtest-generate/node_modules/generate/index.js":{"path":"/home/travis/build/npmtest/node-npmtest-generate/node_modules/generate/index.js","s":{"1":1,"2":1,"3":1,"4":1,"5":1,"6":1,"7":1,"8":1,"9":2,"10":0,"11":2,"12":2,"13":2,"14":2,"15":1,"16":1,"17":1,"18":1,"19":1,"20":2,"21":2,"22":2,"23":2,"24":2,"25":2,"26":2,"27":2,"28":2,"29":1,"30":2,"31":1,"32":0,"33":1,"34":1},"b":{"1":[0,2],"2":[1,1],"3":[2,0],"4":[2,0]},"f":{"1":2,"2":2,"3":2,"4":0},"fnMap":{"1":{"name":"Generate","line":29,"loc":{"start":{"line":29,"column":0},"end":{"line":29,"column":27}}},"2":{"name":"(anonymous_2)","line":60,"loc":{"start":{"line":60,"column":34},"end":{"line":60,"column":49}}},"3":{"name":"(anonymous_3)","line":86,"loc":{"start":{"line":86,"column":37},"end":{"line":86,"column":55}}},"4":{"name":"(anonymous_4)","line":97,"loc":{"start":{"line":97,"column":31},"end":{"line":97,"column":45}}}},"statementMap":{"1":{"start":{"line":10,"column":0},"end":{"line":10,"column":41}},"2":{"start":{"line":11,"column":0},"end":{"line":11,"column":40}},"3":{"start":{"line":12,"column":0},"end":{"line":12,"column":41}},"4":{"start":{"line":13,"column":0},"end":{"line":13,"column":39}},"5":{"start":{"line":14,"column":0},"end":{"line":14,"column":37}},"6":{"start":{"line":15,"column":0},"end":{"line":15,"column":35}},"7":{"start":{"line":16,"column":0},"end":{"line":16,"column":12}},"8":{"start":{"line":29,"column":0},"end":{"line":42,"column":1}},"9":{"start":{"line":30,"column":2},"end":{"line":32,"column":3}},"10":{"start":{"line":31,"column":4},"end":{"line":31,"column":33}},"11":{"start":{"line":34,"column":2},"end":{"line":34,"column":31}},"12":{"start":{"line":35,"column":2},"end":{"line":35,"column":22}},"13":{"start":{"line":36,"column":2},"end":{"line":36,"column":34}},"14":{"start":{"line":38,"column":2},"end":{"line":41,"column":3}},"15":{"start":{"line":39,"column":4},"end":{"line":39,"column":19}},"16":{"start":{"line":40,"column":4},"end":{"line":40,"column":33}},"17":{"start":{"line":48,"column":0},"end":{"line":48,"column":26}},"18":{"start":{"line":54,"column":0},"end":{"line":54,"column":35}},"19":{"start":{"line":60,"column":0},"end":{"line":80,"column":2}},"20":{"start":{"line":61,"column":2},"end":{"line":61,"column":46}},"21":{"start":{"line":62,"column":2},"end":{"line":62,"column":42}},"22":{"start":{"line":65,"column":2},"end":{"line":65,"column":27}},"23":{"start":{"line":68,"column":2},"end":{"line":68,"column":39}},"24":{"start":{"line":71,"column":2},"end":{"line":73,"column":3}},"25":{"start":{"line":72,"column":4},"end":{"line":72,"column":42}},"26":{"start":{"line":76,"column":2},"end":{"line":78,"column":3}},"27":{"start":{"line":77,"column":4},"end":{"line":77,"column":31}},"28":{"start":{"line":79,"column":2},"end":{"line":79,"column":43}},"29":{"start":{"line":86,"column":0},"end":{"line":88,"column":2}},"30":{"start":{"line":87,"column":2},"end":{"line":87,"column":42}},"31":{"start":{"line":97,"column":0},"end":{"line":99,"column":2}},"32":{"start":{"line":98,"column":2},"end":{"line":98,"column":39}},"33":{"start":{"line":105,"column":0},"end":{"line":105,"column":17}},"34":{"start":{"line":111,"column":0},"end":{"line":111,"column":26}}},"branchMap":{"1":{"line":30,"type":"if","locations":[{"start":{"line":30,"column":2},"end":{"line":30,"column":2}},{"start":{"line":30,"column":2},"end":{"line":30,"column":2}}]},"2":{"line":38,"type":"if","locations":[{"start":{"line":38,"column":2},"end":{"line":38,"column":2}},{"start":{"line":38,"column":2},"end":{"line":38,"column":2}}]},"3":{"line":71,"type":"if","locations":[{"start":{"line":71,"column":2},"end":{"line":71,"column":2}},{"start":{"line":71,"column":2},"end":{"line":71,"column":2}}]},"4":{"line":76,"type":"if","locations":[{"start":{"line":76,"column":2},"end":{"line":76,"column":2}},{"start":{"line":76,"column":2},"end":{"line":76,"column":2}}]}},"code":["/*!"," * generate <https://github.com/jonschlinkert/generate>"," *"," * Copyright (c) 2015-2016, Jon Schlinkert."," * Licensed under the MIT License."," */","","'use strict';","","var debug = require('debug')('generate');","var Assemble = require('assemble-core');","var defaults = require('./lib/defaults');","var plugins = require('./lib/plugins');","var mixins = require('./lib/mixins');","var utils = require('./lib/utils');","var setArgs;","","/**"," * Create an instance of `Generate` with the given `options`"," *"," * ```js"," * var Generate = require('generate');"," * var generate = new Generate();"," * ```"," * @param {Object} `options` Settings to initialize with."," * @api public"," */","","function Generate(options) {","  if (!(this instanceof Generate)) {","    return new Generate(options);","  }","","  Assemble.call(this, options);","  this.is('generate');","  this.initGenerate(this.options);","","  if (!setArgs) {","    setArgs = true;","    this.base.option(utils.argv);","  }","}","","/**"," * Extend `Generate`"," */","","Assemble.extend(Generate);","","/**"," * Initialize Stores"," */","","plugins.stores(Generate.prototype);","","/**"," * Initialize generate defaults"," */","","Generate.prototype.initGenerate = function(opts) {","  debug('initializing from <%s>', __filename);","  Generate.emit('generate.preInit', this);","","  // initialize defaults","  defaults(Generate, this);","","  // load listeners","  Generate.initGenerateListeners(this);","","  // load middleware","  if (!process.env.GENERATE_TEST) {","    Generate.initGenerateMiddleware(this);","  }","","  // load CLI plugins","  if (utils.runnerEnabled(this)) {","    this.initGenerateCLI(opts);","  }","  Generate.emit('generate.postInit', this);","};","","/**"," * Initialize CLI-specific plugins and view collections."," */","","Generate.prototype.initGenerateCLI = function(options) {","  Generate.initGenerateCLI(this, options);","};","","/**"," * Temporary error handler method. until we implement better errors."," *"," * @param {Object} `err` Object or instance of `Error`."," * @return {Object} Returns an error object, or emits `error` if a listener exists."," */","","Generate.prototype.handleErr = function(err) {","  return Generate.handleErr(this, err);","};","","/**"," * Add static methods"," */","","mixins(Generate);","","/**"," * Expose the `Generate` constructor"," */","","module.exports = Generate;",""],"l":{"10":1,"11":1,"12":1,"13":1,"14":1,"15":1,"16":1,"29":1,"30":2,"31":0,"34":2,"35":2,"36":2,"38":2,"39":1,"40":1,"48":1,"54":1,"60":1,"61":2,"62":2,"65":2,"68":2,"71":2,"72":2,"76":2,"77":2,"79":2,"86":1,"87":2,"97":1,"98":0,"105":1,"111":1}},"/home/travis/build/npmtest/node-npmtest-generate/node_modules/generate/lib/defaults.js":{"path":"/home/travis/build/npmtest/node-npmtest-generate/node_modules/generate/lib/defaults.js","s":{"1":1,"2":1,"3":1,"4":1,"5":1,"6":2,"7":2,"8":2,"9":2,"10":2,"11":2,"12":2,"13":2,"14":2,"15":2,"16":0,"17":0,"18":0,"19":2,"20":0,"21":0,"22":2,"23":2,"24":2,"25":2,"26":2},"b":{"1":[2,2],"2":[0,0],"3":[0,0]},"f":{"1":2,"2":2,"3":0,"4":0,"5":0},"fnMap":{"1":{"name":"(anonymous_1)","line":8,"loc":{"start":{"line":8,"column":17},"end":{"line":8,"column":41}}},"2":{"name":"(anonymous_2)","line":20,"loc":{"start":{"line":20,"column":24},"end":{"line":20,"column":38}}},"3":{"name":"(anonymous_3)","line":31,"loc":{"start":{"line":31,"column":21},"end":{"line":31,"column":32}}},"4":{"name":"(anonymous_4)","line":39,"loc":{"start":{"line":39,"column":9},"end":{"line":39,"column":23}}},"5":{"name":"(anonymous_5)","line":42,"loc":{"start":{"line":42,"column":9},"end":{"line":42,"column":20}}}},"statementMap":{"1":{"start":{"line":3,"column":0},"end":{"line":3,"column":23}},"2":{"start":{"line":4,"column":0},"end":{"line":4,"column":27}},"3":{"start":{"line":5,"column":0},"end":{"line":5,"column":35}},"4":{"start":{"line":6,"column":0},"end":{"line":6,"column":31}},"5":{"start":{"line":8,"column":0},"end":{"line":55,"column":2}},"6":{"start":{"line":9,"column":2},"end":{"line":9,"column":76}},"7":{"start":{"line":10,"column":2},"end":{"line":10,"column":31}},"8":{"start":{"line":11,"column":2},"end":{"line":11,"column":13}},"9":{"start":{"line":13,"column":2},"end":{"line":13,"column":40}},"10":{"start":{"line":14,"column":2},"end":{"line":14,"column":28}},"11":{"start":{"line":17,"column":2},"end":{"line":17,"column":40}},"12":{"start":{"line":20,"column":2},"end":{"line":22,"column":5}},"13":{"start":{"line":21,"column":4},"end":{"line":21,"column":50}},"14":{"start":{"line":25,"column":2},"end":{"line":29,"column":5}},"15":{"start":{"line":31,"column":2},"end":{"line":35,"column":5}},"16":{"start":{"line":32,"column":4},"end":{"line":32,"column":40}},"17":{"start":{"line":33,"column":4},"end":{"line":33,"column":65}},"18":{"start":{"line":34,"column":4},"end":{"line":34,"column":57}},"19":{"start":{"line":37,"column":2},"end":{"line":45,"column":5}},"20":{"start":{"line":40,"column":6},"end":{"line":40,"column":19}},"21":{"start":{"line":43,"column":6},"end":{"line":43,"column":47}},"22":{"start":{"line":48,"column":2},"end":{"line":48,"column":41}},"23":{"start":{"line":51,"column":2},"end":{"line":51,"column":37}},"24":{"start":{"line":52,"column":2},"end":{"line":52,"column":32}},"25":{"start":{"line":53,"column":2},"end":{"line":53,"column":30}},"26":{"start":{"line":54,"column":2},"end":{"line":54,"column":27}}},"branchMap":{"1":{"line":13,"type":"binary-expr","locations":[{"start":{"line":13,"column":12},"end":{"line":13,"column":28}},{"start":{"line":13,"column":32},"end":{"line":13,"column":39}}]},"2":{"line":33,"type":"binary-expr","locations":[{"start":{"line":33,"column":28},"end":{"line":33,"column":47}},{"start":{"line":33,"column":51},"end":{"line":33,"column":63}}]},"3":{"line":43,"type":"binary-expr","locations":[{"start":{"line":43,"column":13},"end":{"line":43,"column":19}},{"start":{"line":43,"column":24},"end":{"line":43,"column":45}}]}},"code":["'use strict';","","var os = require('os');","var path = require('path');","var plugins = require('./plugins');","var utils = require('./utils');","","module.exports = function(Generate, app) {","  var re = /^(base|generate|helper|updater|(assemble|verb)(?:-generate)?)-/;","  app.define('aliasRegex', re);","  var common;","","  app.cwd = app.options.dest || app.cwd;","  app.data('dest', app.cwd);","","  // custom lookup function for resolving generators","  app.option('lookup', Generate.lookup);","","  // custom `toAlias` function for resolving generators by alias","  app.option('toAlias', function(key) {","    return key.replace(app.get('aliasRegex'), '');","  });","","  // format help menu","  app.option('help', {","    command: 'gen',","    configname: 'generator',","    appname: 'generate'","  });","","  app.define('home', function() {","    var args = [].slice.call(arguments);","    var home = path.resolve(app.options.homedir || os.homedir());","    return path.resolve.apply(path, [home].concat(args));","  });","","  Object.defineProperty(app, 'common', {","    configurable: true,","    set: function(val) {","      common = val;","    },","    get: function() {","      return common || (common = utils.common);","    }","  });","","  // register async `ask` helper","  app.asyncHelper('ask', utils.ask(app));","","  // load plugins","  app.use(plugins.store('generate'));","  app.use(plugins.generators());","  app.use(plugins.pipeline());","  app.use(utils.askWhen());","};",""],"l":{"3":1,"4":1,"5":1,"6":1,"8":1,"9":2,"10":2,"11":2,"13":2,"14":2,"17":2,"20":2,"21":2,"25":2,"31":2,"32":0,"33":0,"34":0,"37":2,"40":0,"43":0,"48":2,"51":2,"52":2,"53":2,"54":2}},"/home/travis/build/npmtest/node-npmtest-generate/node_modules/generate/lib/plugins.js":{"path":"/home/travis/build/npmtest/node-npmtest-generate/node_modules/generate/lib/plugins.js","s":{"1":1,"2":1,"3":1,"4":1,"5":1,"6":1,"7":1,"8":1,"9":1,"10":1,"11":1,"12":1,"13":1,"14":1,"15":1,"16":1,"17":1,"18":1,"19":1,"20":2,"21":1,"22":0,"23":0,"24":0,"25":0,"26":2,"27":1,"28":0,"29":0,"30":0,"31":0,"32":0,"33":0,"34":0,"35":0,"36":0,"37":0,"38":0,"39":0,"40":0,"41":0,"42":0,"43":0,"44":0,"45":1,"46":1,"47":0,"48":0,"49":1,"50":0,"51":0,"52":1,"53":0,"54":0,"55":0,"56":0,"57":0,"58":0,"59":0,"60":0,"61":1,"62":0,"63":0,"64":0,"65":0,"66":0,"67":0,"68":0,"69":1,"70":0,"71":0,"72":0,"73":0,"74":0,"75":0,"76":0,"77":0,"78":1},"b":{"1":[0,0],"2":[0,0],"3":[0,0],"4":[0,0],"5":[0,0],"6":[0,0],"7":[0,0],"8":[0,0],"9":[0,0],"10":[0,0]},"f":{"1":2,"2":2,"3":0,"4":0,"5":0,"6":0,"7":0,"8":0,"9":0,"10":0,"11":0,"12":0,"13":0,"14":1,"15":0,"16":0,"17":0,"18":0,"19":0,"20":0,"21":0,"22":0,"23":0,"24":0,"25":0,"26":0,"27":0,"28":0},"fnMap":{"1":{"name":"(anonymous_1)","line":31,"loc":{"start":{"line":31,"column":17},"end":{"line":31,"column":35}}},"2":{"name":"(anonymous_2)","line":32,"loc":{"start":{"line":32,"column":9},"end":{"line":32,"column":20}}},"3":{"name":"logger","line":34,"loc":{"start":{"line":34,"column":4},"end":{"line":34,"column":33}}},"4":{"name":"(anonymous_4)","line":36,"loc":{"start":{"line":36,"column":13},"end":{"line":36,"column":27}}},"5":{"name":"(anonymous_5)","line":46,"loc":{"start":{"line":46,"column":11},"end":{"line":46,"column":22}}},"6":{"name":"log","line":47,"loc":{"start":{"line":47,"column":8},"end":{"line":47,"column":23}}},"7":{"name":"(anonymous_7)","line":50,"loc":{"start":{"line":50,"column":19},"end":{"line":50,"column":33}}},"8":{"name":"(anonymous_8)","line":53,"loc":{"start":{"line":53,"column":19},"end":{"line":53,"column":33}}},"9":{"name":"(anonymous_9)","line":56,"loc":{"start":{"line":56,"column":19},"end":{"line":56,"column":33}}},"10":{"name":"(anonymous_10)","line":59,"loc":{"start":{"line":59,"column":22},"end":{"line":59,"column":36}}},"11":{"name":"(anonymous_11)","line":62,"loc":{"start":{"line":62,"column":22},"end":{"line":62,"column":33}}},"12":{"name":"(anonymous_12)","line":65,"loc":{"start":{"line":65,"column":19},"end":{"line":65,"column":30}}},"13":{"name":"(anonymous_13)","line":68,"loc":{"start":{"line":68,"column":20},"end":{"line":68,"column":31}}},"14":{"name":"(anonymous_14)","line":82,"loc":{"start":{"line":82,"column":17},"end":{"line":82,"column":33}}},"15":{"name":"(anonymous_15)","line":86,"loc":{"start":{"line":86,"column":9},"end":{"line":86,"column":23}}},"16":{"name":"(anonymous_16)","line":89,"loc":{"start":{"line":89,"column":9},"end":{"line":89,"column":20}}},"17":{"name":"(anonymous_17)","line":97,"loc":{"start":{"line":97,"column":9},"end":{"line":97,"column":23}}},"18":{"name":"(anonymous_18)","line":100,"loc":{"start":{"line":100,"column":9},"end":{"line":100,"column":20}}},"19":{"name":"(anonymous_19)","line":110,"loc":{"start":{"line":110,"column":19},"end":{"line":110,"column":37}}},"20":{"name":"(anonymous_20)","line":111,"loc":{"start":{"line":111,"column":9},"end":{"line":111,"column":20}}},"21":{"name":"(anonymous_21)","line":115,"loc":{"start":{"line":115,"column":11},"end":{"line":115,"column":26}}},"22":{"name":"(anonymous_22)","line":118,"loc":{"start":{"line":118,"column":11},"end":{"line":118,"column":22}}},"23":{"name":"(anonymous_23)","line":131,"loc":{"start":{"line":131,"column":15},"end":{"line":131,"column":33}}},"24":{"name":"(anonymous_24)","line":132,"loc":{"start":{"line":132,"column":9},"end":{"line":132,"column":23}}},"25":{"name":"(anonymous_25)","line":135,"loc":{"start":{"line":135,"column":24},"end":{"line":135,"column":47}}},"26":{"name":"(anonymous_26)","line":145,"loc":{"start":{"line":145,"column":14},"end":{"line":145,"column":35}}},"27":{"name":"(anonymous_27)","line":146,"loc":{"start":{"line":146,"column":9},"end":{"line":146,"column":23}}},"28":{"name":"(anonymous_28)","line":150,"loc":{"start":{"line":150,"column":23},"end":{"line":150,"column":51}}}},"statementMap":{"1":{"start":{"line":3,"column":0},"end":{"line":3,"column":27}},"2":{"start":{"line":4,"column":0},"end":{"line":4,"column":31}},"3":{"start":{"line":5,"column":0},"end":{"line":5,"column":45}},"4":{"start":{"line":6,"column":0},"end":{"line":6,"column":17}},"5":{"start":{"line":7,"column":0},"end":{"line":7,"column":18}},"6":{"start":{"line":8,"column":0},"end":{"line":8,"column":16}},"7":{"start":{"line":14,"column":0},"end":{"line":14,"column":37}},"8":{"start":{"line":15,"column":0},"end":{"line":15,"column":42}},"9":{"start":{"line":16,"column":0},"end":{"line":16,"column":36}},"10":{"start":{"line":17,"column":0},"end":{"line":17,"column":41}},"11":{"start":{"line":18,"column":0},"end":{"line":18,"column":27}},"12":{"start":{"line":19,"column":0},"end":{"line":19,"column":37}},"13":{"start":{"line":20,"column":0},"end":{"line":20,"column":37}},"14":{"start":{"line":21,"column":0},"end":{"line":21,"column":39}},"15":{"start":{"line":22,"column":0},"end":{"line":22,"column":37}},"16":{"start":{"line":23,"column":0},"end":{"line":23,"column":33}},"17":{"start":{"line":24,"column":0},"end":{"line":24,"column":31}},"18":{"start":{"line":25,"column":0},"end":{"line":25,"column":13}},"19":{"start":{"line":31,"column":0},"end":{"line":76,"column":2}},"20":{"start":{"line":32,"column":2},"end":{"line":75,"column":4}},"21":{"start":{"line":34,"column":4},"end":{"line":42,"column":5}},"22":{"start":{"line":35,"column":6},"end":{"line":35,"column":29}},"23":{"start":{"line":36,"column":6},"end":{"line":41,"column":8}},"24":{"start":{"line":37,"column":8},"end":{"line":37,"column":47}},"25":{"start":{"line":38,"column":8},"end":{"line":40,"column":64}},"26":{"start":{"line":44,"column":4},"end":{"line":74,"column":7}},"27":{"start":{"line":47,"column":8},"end":{"line":49,"column":9}},"28":{"start":{"line":48,"column":10},"end":{"line":48,"column":55}},"29":{"start":{"line":50,"column":8},"end":{"line":52,"column":10}},"30":{"start":{"line":51,"column":10},"end":{"line":51,"column":60}},"31":{"start":{"line":53,"column":8},"end":{"line":55,"column":10}},"32":{"start":{"line":54,"column":10},"end":{"line":54,"column":60}},"33":{"start":{"line":56,"column":8},"end":{"line":58,"column":10}},"34":{"start":{"line":57,"column":10},"end":{"line":57,"column":58}},"35":{"start":{"line":59,"column":8},"end":{"line":61,"column":10}},"36":{"start":{"line":60,"column":10},"end":{"line":60,"column":68}},"37":{"start":{"line":62,"column":8},"end":{"line":64,"column":10}},"38":{"start":{"line":63,"column":10},"end":{"line":63,"column":67}},"39":{"start":{"line":65,"column":8},"end":{"line":67,"column":10}},"40":{"start":{"line":66,"column":10},"end":{"line":66,"column":63}},"41":{"start":{"line":68,"column":8},"end":{"line":70,"column":10}},"42":{"start":{"line":69,"column":10},"end":{"line":69,"column":63}},"43":{"start":{"line":71,"column":8},"end":{"line":71,"column":34}},"44":{"start":{"line":72,"column":8},"end":{"line":72,"column":19}},"45":{"start":{"line":82,"column":0},"end":{"line":104,"column":2}},"46":{"start":{"line":84,"column":2},"end":{"line":92,"column":5}},"47":{"start":{"line":87,"column":6},"end":{"line":87,"column":26}},"48":{"start":{"line":90,"column":6},"end":{"line":90,"column":96}},"49":{"start":{"line":95,"column":2},"end":{"line":103,"column":5}},"50":{"start":{"line":98,"column":6},"end":{"line":98,"column":27}},"51":{"start":{"line":101,"column":6},"end":{"line":101,"column":86}},"52":{"start":{"line":110,"column":0},"end":{"line":129,"column":2}},"53":{"start":{"line":111,"column":2},"end":{"line":128,"column":4}},"54":{"start":{"line":112,"column":4},"end":{"line":127,"column":7}},"55":{"start":{"line":116,"column":8},"end":{"line":116,"column":45}},"56":{"start":{"line":119,"column":8},"end":{"line":121,"column":9}},"57":{"start":{"line":120,"column":10},"end":{"line":120,"column":47}},"58":{"start":{"line":122,"column":8},"end":{"line":124,"column":9}},"59":{"start":{"line":123,"column":10},"end":{"line":123,"column":49}},"60":{"start":{"line":125,"column":8},"end":{"line":125,"column":29}},"61":{"start":{"line":131,"column":0},"end":{"line":143,"column":2}},"62":{"start":{"line":132,"column":2},"end":{"line":142,"column":4}},"63":{"start":{"line":133,"column":4},"end":{"line":133,"column":25}},"64":{"start":{"line":135,"column":4},"end":{"line":141,"column":7}},"65":{"start":{"line":136,"column":6},"end":{"line":136,"column":58}},"66":{"start":{"line":137,"column":6},"end":{"line":139,"column":7}},"67":{"start":{"line":138,"column":8},"end":{"line":138,"column":31}},"68":{"start":{"line":140,"column":6},"end":{"line":140,"column":40}},"69":{"start":{"line":145,"column":0},"end":{"line":158,"column":2}},"70":{"start":{"line":146,"column":2},"end":{"line":157,"column":4}},"71":{"start":{"line":147,"column":4},"end":{"line":147,"column":43}},"72":{"start":{"line":148,"column":4},"end":{"line":148,"column":23}},"73":{"start":{"line":150,"column":4},"end":{"line":156,"column":7}},"74":{"start":{"line":151,"column":6},"end":{"line":151,"column":43}},"75":{"start":{"line":152,"column":6},"end":{"line":154,"column":7}},"76":{"start":{"line":153,"column":8},"end":{"line":153,"column":37}},"77":{"start":{"line":155,"column":6},"end":{"line":155,"column":44}},"78":{"start":{"line":164,"column":0},"end":{"line":164,"column":25}}},"branchMap":{"1":{"line":35,"type":"binary-expr","locations":[{"start":{"line":35,"column":14},"end":{"line":35,"column":19}},{"start":{"line":35,"column":23},"end":{"line":35,"column":28}}]},"2":{"line":39,"type":"cond-expr","locations":[{"start":{"line":39,"column":56},"end":{"line":39,"column":77}},{"start":{"line":39,"column":81},"end":{"line":39,"column":83}}]},"3":{"line":90,"type":"binary-expr","locations":[{"start":{"line":90,"column":13},"end":{"line":90,"column":26}},{"start":{"line":90,"column":31},"end":{"line":90,"column":94}}]},"4":{"line":101,"type":"binary-expr","locations":[{"start":{"line":101,"column":13},"end":{"line":101,"column":27}},{"start":{"line":101,"column":32},"end":{"line":101,"column":84}}]},"5":{"line":119,"type":"if","locations":[{"start":{"line":119,"column":8},"end":{"line":119,"column":8}},{"start":{"line":119,"column":8},"end":{"line":119,"column":8}}]},"6":{"line":122,"type":"if","locations":[{"start":{"line":122,"column":8},"end":{"line":122,"column":8}},{"start":{"line":122,"column":8},"end":{"line":122,"column":8}}]},"7":{"line":137,"type":"if","locations":[{"start":{"line":137,"column":6},"end":{"line":137,"column":6}},{"start":{"line":137,"column":6},"end":{"line":137,"column":6}}]},"8":{"line":137,"type":"binary-expr","locations":[{"start":{"line":137,"column":10},"end":{"line":137,"column":35}},{"start":{"line":137,"column":39},"end":{"line":137,"column":72}}]},"9":{"line":147,"type":"binary-expr","locations":[{"start":{"line":147,"column":17},"end":{"line":147,"column":27}},{"start":{"line":147,"column":31},"end":{"line":147,"column":42}}]},"10":{"line":152,"type":"if","locations":[{"start":{"line":152,"column":6},"end":{"line":152,"column":6}},{"start":{"line":152,"column":6},"end":{"line":152,"column":6}}]}},"code":["'use strict';","","var path = require('path');","var utils = require('./utils');","var plugins = require('lazy-cache')(require);","var fn = require;","require = plugins; // eslint-disable-line","var stores = {};","","/**"," * Plugins"," */","","require('assemble-loader', 'loader');","require('base-fs-conflicts', 'conflicts');","require('base-fs-rename', 'rename');","require('base-generators', 'generators');","require('base-npm', 'npm');","require('base-npm-prompt', 'prompt');","require('base-pipeline', 'pipeline');","require('base-questions', 'questions');","require('base-runtimes', 'runtimes');","require('base-runner', 'runner');","require('base-store', 'store');","require = fn; // eslint-disable-line","","/**"," * Add logging methods"," */","","plugins.logger = function(options) {","  return function() {","","    function logger(prop, color) {","      color = color || 'dim';","      return function(msg) {","        var rest = [].slice.call(arguments, 1);","        return console.log","          .bind(console, utils.log.timestamp + (prop ? (' ' + utils.log[prop]) : ''))","          .apply(console, [utils.log[color](msg)].concat(rest));","      };","    };","","    Object.defineProperty(this, 'log', {","      configurable: true,","      get: function() {","        function log() {","          return console.log.apply(console, arguments);","        }","        log.path = function(msg) {","          return logger(null, 'dim').apply(null, arguments);","        };","        log.time = function(msg) {","          return logger(null, 'dim').apply(null, arguments);","        };","        log.warn = function(msg) {","          return logger('warning').apply(null, arguments);","        };","        log.warning = function(msg) {","          return logger('warning', 'yellow').apply(null, arguments);","        };","        log.success = function() {","          return logger('success', 'green').apply(null, arguments);","        };","        log.info = function() {","          return logger('info', 'cyan').apply(null, arguments);","        };","        log.error = function() {","          return logger('error', 'red').apply(null, arguments);","        };","        log.__proto__ = utils.log;","        return log;","      }","    });","  };","};","","/**"," * Initialize stores"," */","","plugins.stores = function(proto) {","  // create `macros` store","  Object.defineProperty(proto, 'macros', {","    configurable: true,","    set: function(val) {","      stores.macros = val;","    },","    get: function() {","      return stores.macros || (stores.macros = new utils.MacroStore({name: 'generate-macros'}));","    }","  });","","  // create `app.globals` store","  Object.defineProperty(proto, 'globals', {","    configurable: true,","    set: function(val) {","      stores.globals = val;","    },","    get: function() {","      return stores.globals || (stores.globals = new utils.Store('generate-globals'));","    }","  });","};","","/**"," * Results the dest path to use"," */","","plugins.destPath = function(options) {","  return function() {","    Object.defineProperty(this, 'destBase', {","      configurable: true,","      enumerable: true,","      set: function(dest) {","        this.cache.dest = path.resolve(dest);","      },","      get: function() {","        if (typeof this.cache.dest === 'string') {","          return path.resolve(this.cache.dest);","        }","        if (typeof this.options.dest === 'string') {","          return path.resolve(this.options.dest);","        }","        return process.cwd();","      }","    });","  };","};","","plugins.dest = function(options) {","  return function(app) {","    var dest = this.dest;","","    this.define('dest', function(dir, options) {","      var opts = utils.extend({ cwd: this.cwd }, options);","      if (typeof dir !== 'function' && typeof this.rename === 'function') {","        dir = this.rename(dir);","      }","      return dest.call(this, dir, opts);","    });","  };","};","","plugins.src = function(collection) {","  return function(app) {","    collection = collection || 'templates';","    var src = this.src;","","    this.define('src', function(patterns, options) {","      var opts = utils.extend({}, options);","      if (typeof opts.collection === 'undefined') {","        opts.collection = collection;","      }","      return src.call(this, patterns, opts);","    });","  };","};","","/**"," * Expose plugins"," */","","module.exports = plugins;",""],"l":{"3":1,"4":1,"5":1,"6":1,"7":1,"8":1,"14":1,"15":1,"16":1,"17":1,"18":1,"19":1,"20":1,"21":1,"22":1,"23":1,"24":1,"25":1,"31":1,"32":2,"34":1,"35":0,"36":0,"37":0,"38":0,"44":2,"47":1,"48":0,"50":0,"51":0,"53":0,"54":0,"56":0,"57":0,"59":0,"60":0,"62":0,"63":0,"65":0,"66":0,"68":0,"69":0,"71":0,"72":0,"82":1,"84":1,"87":0,"90":0,"95":1,"98":0,"101":0,"110":1,"111":0,"112":0,"116":0,"119":0,"120":0,"122":0,"123":0,"125":0,"131":1,"132":0,"133":0,"135":0,"136":0,"137":0,"138":0,"140":0,"145":1,"146":0,"147":0,"148":0,"150":0,"151":0,"152":0,"153":0,"155":0,"164":1}},"/home/travis/build/npmtest/node-npmtest-generate/node_modules/generate/lib/utils.js":{"path":"/home/travis/build/npmtest/node-npmtest-generate/node_modules/generate/lib/utils.js","s":{"1":1,"2":1,"3":1,"4":1,"5":1,"6":1,"7":1,"8":1,"9":1,"10":1,"11":1,"12":1,"13":1,"14":1,"15":1,"16":1,"17":1,"18":1,"19":1,"20":1,"21":1,"22":1,"23":1,"24":1,"25":1,"26":1,"27":1,"28":1,"29":7,"30":7,"31":0,"32":1,"33":0,"34":0,"35":1,"36":0,"37":0,"38":1,"39":1,"40":1,"41":1,"42":1,"43":7,"44":3,"45":1,"46":2,"47":1,"48":0,"49":0,"50":0,"51":0,"52":0,"53":1,"54":0,"55":0,"56":0,"57":0,"58":0,"59":0,"60":0,"61":0,"62":0,"63":0,"64":0,"65":0,"66":0,"67":0,"68":1,"69":2,"70":2,"71":2,"72":0,"73":0,"74":0,"75":2,"76":1,"77":2,"78":2,"79":0,"80":0,"81":0,"82":1,"83":0,"84":0,"85":0,"86":0,"87":1},"b":{"1":[0,7],"2":[0,1],"3":[0,1],"4":[3,4],"5":[2,0],"6":[2,0],"7":[0,0],"8":[0,0],"9":[0,0],"10":[0,0],"11":[0,0],"12":[0,0],"13":[0,0],"14":[0,0],"15":[2,0],"16":[2,2],"17":[0,0],"18":[0,0]},"f":{"1":1,"2":2,"3":0,"4":0,"5":0,"6":2,"7":2,"8":0,"9":0,"10":0},"fnMap":{"1":{"name":"(anonymous_1)","line":64,"loc":{"start":{"line":64,"column":18},"end":{"line":64,"column":33}}},"2":{"name":"(anonymous_2)","line":96,"loc":{"start":{"line":96,"column":17},"end":{"line":96,"column":31}}},"3":{"name":"(anonymous_3)","line":100,"loc":{"start":{"line":100,"column":18},"end":{"line":100,"column":32}}},"4":{"name":"(anonymous_4)","line":103,"loc":{"start":{"line":103,"column":9},"end":{"line":103,"column":29}}},"5":{"name":"(anonymous_5)","line":110,"loc":{"start":{"line":110,"column":17},"end":{"line":110,"column":46}}},"6":{"name":"(anonymous_6)","line":135,"loc":{"start":{"line":135,"column":19},"end":{"line":135,"column":40}}},"7":{"name":"(anonymous_7)","line":151,"loc":{"start":{"line":151,"column":22},"end":{"line":151,"column":36}}},"8":{"name":"(anonymous_8)","line":166,"loc":{"start":{"line":166,"column":17},"end":{"line":166,"column":40}}},"9":{"name":"(anonymous_9)","line":169,"loc":{"start":{"line":169,"column":9},"end":{"line":169,"column":23}}},"10":{"nam
[...]
"line":5,"loc":{"start":{"line":5,"column":17},"end":{"line":5,"column":31}}},"2":{"name":"(anonymous_2)","line":6,"loc":{"start":{"line":6,"column":9},"end":{"line":6,"column":42}}}},"statementMap":{"1":{"start":{"line":3,"column":0},"end":{"line":3,"column":35}},"2":{"start":{"line":5,"column":0},"end":{"line":10,"column":2}},"3":{"start":{"line":6,"column":2},"end":{"line":9,"column":4}},"4":{"start":{"line":7,"column":4},"end":{"line":7,"column":62}},"5":{"start":{"line":8,"column":4},"end":{"line":8,"column":19}}},"branchMap":{},"code":["'use strict';","","var pkg = require('../../package');","","module.exports = function(app) {","  return function(val, key, config, next) {","    console.log(app.log.cyan(`${app._name} v${pkg.version}`));","    process.exit();","  };","};",""],"l":{"3":1,"5":1,"6":1,"7":0,"8":0}},"/home/travis/build/npmtest/node-npmtest-generate/node_modules/generate/lib/tasks.js":{"path":"/home/travis/build/npmtest/node-npmtest-generate/node_modules/generate/lib/tasks.js","s":{"1":1,"2":1,"3":0,"4":0,"5":0,"6":0,"7":0,"8":0,"9":0,"10":0,"11":0,"12":0,"13":0,"14":0,"15":0,"16":0,"17":0,"18":0,"19":0,"20":0,"21":0,"22":0,"23":0,"24":0,"25":0,"26":0,"27":0,"28":0,"29":0,"30":0},"b":{"1":[0,0],"2":[0,0],"3":[0,0],"4":[0,0],"5":[0,0],"6":[0,0],"7":[0,0],"8":[0,0],"9":[0,0,0,0,0],"10":[0,0]},"f":{"1":0,"2":0},"fnMap":{"1":{"name":"(anonymous_1)","line":10,"loc":{"start":{"line":10,"column":17},"end":{"line":10,"column":42}}},"2":{"name":"(anonymous_2)","line":32,"loc":{"start":{"line":32,"column":23},"end":{"line":32,"column":43}}}},"statementMap":{"1":{"start":{"line":3,"column":0},"end":{"line":3,"column":31}},"2":{"start":{"line":10,"column":0},"end":{"line":69,"column":2}},"3":{"start":{"line":11,"column":2},"end":{"line":11,"column":38}},"4":{"start":{"line":14,"column":2},"end":{"line":18,"column":5}},"5":{"start":{"line":20,"column":2},"end":{"line":20,"column":22}},"6":{"start":{"line":23,"column":2},"end":{"line":29,"column":3}},"7":{"start":{"line":25,"column":4},"end":{"line":27,"column":5}},"8":{"start":{"line":26,"column":6},"end":{"line":26,"column":33}},"9":{"start":{"line":28,"column":4},"end":{"line":28,"column":29}},"10":{"start":{"line":32,"column":2},"end":{"line":47,"column":9}},"11":{"start":{"line":33,"column":4},"end":{"line":35,"column":5}},"12":{"start":{"line":34,"column":6},"end":{"line":34,"column":41}},"13":{"start":{"line":36,"column":4},"end":{"line":38,"column":5}},"14":{"start":{"line":37,"column":6},"end":{"line":37,"column":41}},"15":{"start":{"line":39,"column":4},"end":{"line":41,"column":5}},"16":{"start":{"line":40,"column":6},"end":{"line":40,"column":42}},"17":{"start":{"line":42,"column":4},"end":{"line":44,"column":5}},"18":{"start":{"line":43,"column":6},"end":{"line":43,"column":44}},"19":{"start":{"line":45,"column":4},"end":{"line":45,"column":19}},"20":{"start":{"line":46,"column":4},"end":{"line":46,"column":15}},"21":{"start":{"line":49,"column":2},"end":{"line":67,"column":3}},"22":{"start":{"line":50,"column":4},"end":{"line":50,"column":24}},"23":{"start":{"line":51,"column":4},"end":{"line":66,"column":5}},"24":{"start":{"line":54,"column":8},"end":{"line":56,"column":9}},"25":{"start":{"line":55,"column":10},"end":{"line":55,"column":37}},"26":{"start":{"line":59,"column":8},"end":{"line":59,"column":33}},"27":{"start":{"line":61,"column":8},"end":{"line":61,"column":32}},"28":{"start":{"line":63,"column":8},"end":{"line":63,"column":35}},"29":{"start":{"line":65,"column":8},"end":{"line":65,"column":21}},"30":{"start":{"line":68,"column":2},"end":{"line":68,"column":15}}},"branchMap":{"1":{"line":20,"type":"binary-expr","locations":[{"start":{"line":20,"column":10},"end":{"line":20,"column":15}},{"start":{"line":20,"column":19},"end":{"line":20,"column":21}}]},"2":{"line":23,"type":"if","locations":[{"start":{"line":23,"column":2},"end":{"line":23,"column":2}},{"start":{"line":23,"column":2},"end":{"line":23,"column":2}}]},"3":{"line":25,"type":"if","locations":[{"start":{"line":25,"column":4},"end":{"line":25,"column":4}},{"start":{"line":25,"column":4},"end":{"line":25,"column":4}}]},"4":{"line":33,"type":"if","locations":[{"start":{"line":33,"column":4},"end":{"line":33,"column":4}},{"start":{"line":33,"column":4},"end":{"line":33,"column":4}}]},"5":{"line":36,"type":"if","locations":[{"start":{"line":36,"column":4},"end":{"line":36,"column":4}},{"start":{"line":36,"column":4},"end":{"line":36,"column":4}}]},"6":{"line":39,"type":"if","locations":[{"start":{"line":39,"column":4},"end":{"line":39,"column":4}},{"start":{"line":39,"column":4},"end":{"line":39,"column":4}}]},"7":{"line":42,"type":"if","locations":[{"start":{"line":42,"column":4},"end":{"line":42,"column":4}},{"start":{"line":42,"column":4},"end":{"line":42,"column":4}}]},"8":{"line":49,"type":"if","locations":[{"start":{"line":49,"column":2},"end":{"line":49,"column":2}},{"start":{"line":49,"column":2},"end":{"line":49,"column":2}}]},"9":{"line":51,"type":"switch","locations":[{"start":{"line":52,"column":6},"end":{"line":56,"column":9}},{"start":{"line":58,"column":6},"end":{"line":59,"column":33}},{"start":{"line":60,"column":6},"end":{"line":61,"column":32}},{"start":{"line":62,"column":6},"end":{"line":63,"column":35}},{"start":{"line":64,"column":6},"end":{"line":65,"column":21}}]},"10":{"line":54,"type":"if","locations":[{"start":{"line":54,"column":8},"end":{"line":54,"column":8}},{"start":{"line":54,"column":8},"end":{"line":54,"column":8}}]}},"code":["'use strict';","","var utils = require('./utils');","","/**"," * Determine the task to run. This is only temporary until we get"," * generators published for handling the built-in tasks."," */","","module.exports = function(app, ctx, argv) {","  var configFile = ctx.env.configFile;","","  // determine the tasks to run (returns the first value that isn't `[\"default\"]` or `[]`)","  var tasks = utils.getTasks(configFile, [","    argv._, // command line","    ctx.pkgConfig.tasks, // set in package.json","    app.store.get('defaultTasks') // stored user-defined \"default\" tasks","  ]);","","  tasks = tasks || [];","","  // no tasks are defined","  if (tasks.length === 0) {","    // if `generator.js` exists in cwd, call it's default task","    if (utils.exists(configFile)) {","      return ['default:default'];","    }","    return ['defaults:help'];","  }","","  // at least one task was defined","  tasks = tasks.reduce(function(acc, name) {","    if (name.indexOf('help') === 0) {","      return acc.concat('defaults:help');","    }","    if (name.indexOf('list') === 0) {","      return acc.concat('defaults:list');","    }","    if (name.indexOf('tasks') === 0) {","      return acc.concat('defaults:tasks');","    }","    if (name.indexOf('store') === 0) {","      return acc.concat('defaults.' + name);","    }","    acc.push(name);","    return acc;","  }, []);","","  if (tasks.length === 1) {","    var task = tasks[0];","    switch (task) {","      case 'default':","        // if a `generator.js` exists in user's cwd, run its default task","        if (utils.exists(configFile)) {","          return ['default:default'];","        }","        // fall through","      case 'help':","        return ['defaults:help'];","      case 'new':","        return ['defaults:new'];","      case 'render':","        return ['defaults:render'];","      default:","        return tasks;","    }","  }","  return tasks;","};",""],"l":{"3":1,"10":1,"11":0,"14":0,"20":0,"23":0,"25":0,"26":0,"28":0,"32":0,"33":0,"34":0,"36":0,"37":0,"39":0,"40":0,"42":0,"43":0,"45":0,"46":0,"49":0,"50":0,"51":0,"54":0,"55":0,"59":0,"61":0,"63":0,"65":0,"68":0}},"/home/travis/build/npmtest/node-npmtest-generate/node_modules/generate/lib/generator.js":{"path":"/home/travis/build/npmtest/node-npmtest-generate/node_modules/generate/lib/generator.js","s":{"1":1,"2":1,"3":1,"4":1,"5":0,"6":0,"7":0,"8":0,"9":0,"10":0,"11":0,"12":0,"13":0,"14":0,"15":0,"16":0,"17":0,"18":0,"19":0,"20":0,"21":0,"22":0,"23":0,"24":0,"25":0,"26":0,"27":0,"28":0,"29":0,"30":0,"31":1,"32":0,"33":0,"34":0,"35":0,"36":0},"b":{"1":[0,0],"2":[0,0],"3":[0,0],"4":[0,0],"5":[0,0,0]},"f":{"1":0,"2":0,"3":0,"4":0,"5":0,"6":0,"7":0,"8":0,"9":0,"10":0},"fnMap":{"1":{"name":"(anonymous_1)","line":7,"loc":{"start":{"line":7,"column":17},"end":{"line":7,"column":51}}},"2":{"name":"(anonymous_2)","line":22,"loc":{"start":{"line":22,"column":18},"end":{"line":22,"column":31}}},"3":{"name":"(anonymous_3)","line":25,"loc":{"start":{"line":25,"column":17},"end":{"line":25,"column":28}}},"4":{"name":"(anonymous_4)","line":41,"loc":{"start":{"line":41,"column":37},"end":{"line":41,"column":48}}},"5":{"name":"(anonymous_5)","line":43,"loc":{"start":{"line":43,"column":30},"end":{"line":43,"column":56}}},"6":{"name":"(anonymous_6)","line":50,"loc":{"start":{"line":50,"column":38},"end":{"line":50,"column":51}}},"7":{"name":"(anonymous_7)","line":51,"loc":{"start":{"line":51,"column":35},"end":{"line":51,"column":50}}},"8":{"name":"(anonymous_8)","line":67,"loc":{"start":{"line":67,"column":37},"end":{"line":67,"column":50}}},"9":{"name":"(anonymous_9)","line":84,"loc":{"start":{"line":84,"column":21},"end":{"line":84,"column":34}}},"10":{"name":"file","line":101,"loc":{"start":{"line":101,"column":0},"end":{"line":101,"column":46}}}},"statementMap":{"1":{"start":{"line":3,"column":0},"end":{"line":3,"column":27}},"2":{"start":{"line":4,"column":0},"end":{"line":4,"column":31}},"3":{"start":{"line":5,"column":0},"end":{"line":5,"column":29}},"4":{"start":{"line":7,"column":0},"end":{"line":99,"column":2}},"5":{"start":{"line":8,"column":2},"end":{"line":8,"column":45}},"6":{"start":{"line":9,"column":2},"end":{"line":9,"column":45}},"7":{"start":{"line":15,"column":2},"end":{"line":15,"column":43}},"8":{"start":{"line":16,"column":2},"end":{"line":16,"column":40}},"9":{"start":{"line":22,"column":2},"end":{"line":29,"column":5}},"10":{"start":{"line":23,"column":4},"end":{"line":28,"column":9}},"11":{"start":{"line":26,"column":8},"end":{"line":26,"column":65}},"12":{"start":{"line":27,"column":8},"end":{"line":27,"column":13}},"13":{"start":{"line":41,"column":2},"end":{"line":48,"column":5}},"14":{"start":{"line":42,"column":4},"end":{"line":47,"column":23}},"15":{"start":{"line":44,"column":8},"end":{"line":44,"column":48}},"16":{"start":{"line":45,"column":8},"end":{"line":45,"column":25}},"17":{"start":{"line":50,"column":2},"end":{"line":55,"column":5}},"18":{"start":{"line":51,"column":4},"end":{"line":53,"column":7}},"19":{"start":{"line":52,"column":6},"end":{"line":52,"column":46}},"20":{"start":{"line":54,"column":4},"end":{"line":54,"column":9}},"21":{"start":{"line":67,"column":2},"end":{"line":70,"column":5}},"22":{"start":{"line":68,"column":4},"end":{"line":68,"column":25}},"23":{"start":{"line":69,"column":4},"end":{"line":69,"column":40}},"24":{"start":{"line":84,"column":2},"end":{"line":92,"column":5}},"25":{"start":{"line":85,"column":4},"end":{"line":91,"column":5}},"26":{"start":{"line":86,"column":6},"end":{"line":86,"column":66}},"27":{"start":{"line":87,"column":11},"end":{"line":91,"column":5}},"28":{"start":{"line":88,"column":6},"end":{"line":88,"column":40}},"29":{"start":{"line":90,"column":6},"end":{"line":90,"column":48}},"30":{"start":{"line":98,"column":2},"end":{"line":98,"column":32}},"31":{"start":{"line":101,"column":0},"end":{"line":114,"column":1}},"32":{"start":{"line":102,"column":2},"end":{"line":105,"column":3}},"33":{"start":{"line":103,"column":4},"end":{"line":103,"column":14}},"34":{"start":{"line":104,"column":4},"end":{"line":104,"column":16}},"35":{"start":{"line":107,"column":2},"end":{"line":107,"column":42}},"36":{"start":{"line":108,"column":2},"end":{"line":113,"column":19}}},"branchMap":{"1":{"line":24,"type":"binary-expr","locations":[{"start":{"line":24,"column":21},"end":{"line":24,"column":37}},{"start":{"line":24,"column":41},"end":{"line":24,"column":48}}]},"2":{"line":85,"type":"if","locations":[{"start":{"line":85,"column":4},"end":{"line":85,"column":4}},{"start":{"line":85,"column":4},"end":{"line":85,"column":4}}]},"3":{"line":87,"type":"if","locations":[{"start":{"line":87,"column":11},"end":{"line":87,"column":11}},{"start":{"line":87,"column":11},"end":{"line":87,"column":11}}]},"4":{"line":102,"type":"if","locations":[{"start":{"line":102,"column":2},"end":{"line":102,"column":2}},{"start":{"line":102,"column":2},"end":{"line":102,"column":2}}]},"5":{"line":107,"type":"binary-expr","locations":[{"start":{"line":107,"column":9},"end":{"line":107,"column":13}},{"start":{"line":107,"column":17},"end":{"line":107,"column":35}},{"start":{"line":107,"column":39},"end":{"line":107,"column":41}}]}},"code":["'use strict';","","var path = require('path');","var utils = require('./utils');","var list = require('./list');","","module.exports = function(app, base, env, options) {","  var gm = path.resolve.bind(path, utils.gm);","  var cwd = path.resolve.bind(path, app.cwd);","","  /**","   * Register sub-generators (as plugins)","   */","","  app.use(require('generate-collections'));","  app.use(require('generate-defaults'));","","  /**","   * Generate an `assemblefile.js`","   */","","  app.task('new', function(cb) {","    app.src('templates/generator.js', {cwd: __dirname})","      .pipe(app.dest(app.options.dest || app.cwd))","      .on('end', function() {","        console.log(utils.log.timestamp, 'created generator.js');","        cb();","      });","  });","","  /**","   * Display a list of installed generators.","   *","   * ```sh","   * $ gen list","   * ```","   * @name list","   * @api public","   */","","  app.task('list', { silent: true }, function() {","    return app.src([gm('generate-*'), cwd('node_modules/generate-*')])","      .pipe(utils.through.obj(function(file, enc, next) {","        file.alias = app.toAlias(file.basename);","        next(null, file);","      }))","      .pipe(list(app));","  });","","  app.task('tasks', { silent: true }, function(cb) {","    Object.keys(app.tasks).forEach(function(name) {","      console.log(' · ' + app.log.cyan(name));","    });","    cb();","  });","","  /**","   * Display `--help`.","   *","   * ```sh","   * $ gen defaults:help","   * ```","   * @name help","   * @api public","   */","","  app.task('help', { silent: true }, function(cb) {","    app.enable('silent');","    app.cli.process({ help: true }, cb);","  });","","  /**","   * Render a single `--src` file to the given `--dest` or current working directory.","   *","   * ```sh","   * $ gen defaults:render","   * # aliased as","   * $ gen render","   * ```","   * @name render","   * @api public","   */","","  app.task('render', function(cb) {","    if (!app.option('src')) {","      app.emit('error', new Error('Expected a `--src` filepath'));","    } else if (!app.option('dest')) {","      app.build(['dest', 'render'], cb);","    } else {","      file(app, app.option('src'), app.cwd, cb);","    }","  });","","  /**","   * Default task","   */","","  app.task('default', ['help']);","};","","function file(app, name, templates, dest, cb) {","  if (typeof dest === 'function') {","    cb = dest;","    dest = null;","  }","","  dest = dest || app.option('dest') || '';","  app.src(name, {cwd: templates})","    .pipe(app.renderFile('*'))","    .pipe(app.conflicts(dest))","    .pipe(app.dest(dest))","    .on('error', cb)","    .on('end', cb);","}",""],"l":{"3":1,"4":1,"5":1,"7":1,"8":0,"9":0,"15":0,"16":0,"22":0,"23":0,"26":0,"27":0,"41":0,"42":0,"44":0,"45":0,"50":0,"51":0,"52":0,"54":0,"67":0,"68":0,"69":0,"84":0,"85":0,"86":0,"87":0,"88":0,"90":0,"98":0,"101":1,"102":0,"103":0,"104":0,"107":0,"108":0}},"/home/travis/build/npmtest/node-npmtest-generate/node_modules/generate/lib/list.js":{"path":"/home/travis/build/npmtest/node-npmtest-generate/node_modules/generate/lib/list.js","s":{"1":1,"2":1,"3":1,"4":1,"5":0,"6":0,"7":0,"8":0,"9":0,"10":0,"11":0,"12":0,"13":0,"14":0,"15":0,"16":0,"17":0,"18":0,"19":0,"20":0,"21":0,"22":0,"23":0,"24":0,"25":0,"26":0},"b":{"1":[0,0],"2":[0,0]},"f":{"1":0,"2":0,"3":0,"4":0,"5":0},"fnMap":{"1":{"name":"(anonymous_1)","line":6,"loc":{"start":{"line":6,"column":17},"end":{"line":6,"column":31}}},"2":{"name":"bold","line":7,"loc":{"start":{"line":7,"column":2},"end":{"line":7,"column":21}}},"3":{"name":"(anonymous_3)","line":14,"loc":{"start":{"line":14,"column":27},"end":{"line":14,"column":53}}},"4":{"name":"(anonymous_4)","line":30,"loc":{"start":{"line":30,"column":5},"end":{"line":30,"column":18}}},"5":{"name":"(anonymous_5)","line":33,"loc":{"start":{"line":33,"column":20},"end":{"line":33,"column":34}}}},"statementMap":{"1":{"start":{"line":3,"column":0},"end":{"line":3,"column":27}},"2":{"start":{"line":4,"column":0},"end":{"line":4,"column":31}},"3":{"start":{"line":6,"column":0},"end":{"line":43,"column":2}},"4":{"start":{"line":7,"column":2},"end":{"line":9,"column":3}},"5":{"start":{"line":8,"column":4},"end":{"line":8,"column":48}},"6":{"start":{"line":11,"column":2},"end":{"line":11,"column":62}},"7":{"start":{"line":12,"column":2},"end":{"line":12,"column":17}},"8":{"start":{"line":14,"column":2},"end":{"line":42,"column":5}},"9":{"start":{"line":15,"column":4},"end":{"line":18,"column":5}},"10":{"start":{"line":16,"column":6},"end":{"line":16,"column":13}},"11":{"start":{"line":17,"column":6},"end":{"line":17,"column":13}},"12":{"start":{"line":20,"column":4},"end":{"line":20,"column":28}},"13":{"start":{"line":21,"column":4},"end":{"line":24,"column":5}},"14":{"start":{"line":22,"column":6},"end":{"line":22,"column":13}},"15":{"start":{"line":23,"column":6},"end":{"line":23,"column":13}},"16":{"start":{"line":26,"column":4},"end":{"line":26,"column":58}},"17":{"start":{"line":27,"column":4},"end":{"line":27,"column":31}},"18":{"start":{"line":28,"column":4},"end":{"line":28,"column":84}},"19":{"start":{"line":29,"column":4},"end":{"line":29,"column":11}},"20":{"start":{"line":31,"column":4},"end":{"line":31,"column":18}},"21":{"start":{"line":32,"column":4},"end":{"line":36,"column":8}},"22":{"start":{"line":34,"column":8},"end":{"line":34,"column":39}},"23":{"start":{"line":38,"column":4},"end":{"line":38,"column":18}},"24":{"start":{"line":39,"column":4},"end":{"line":39,"column":72}},"25":{"start":{"line":40,"column":4},"end":{"line":40,"column":18}},"26":{"start":{"line":41,"column":4},"end":{"line":41,"column":9}}},"branchMap":{"1":{"line":15,"type":"if","locations":[{"start":{"line":15,"column":4},"end":{"line":15,"column":4}},{"start":{"line":15,"column":4},"end":{"line":15,"column":4}}]},"2":{"line":21,"type":"if","locations":[{"start":{"line":21,"column":4},"end":{"line":21,"column":4}},{"start":{"line":21,"column":4},"end":{"line":21,"column":4}}]}},"code":["'use strict';","","var path = require('path');","var utils = require('./utils');","","module.exports = function(app) {","  function bold(str) {","    return app.log.underline(app.log.bold(str));","  }","","  var list = [[bold('version'), bold('name'), bold('alias')]];","  var cache = {};","","  return utils.through.obj(function(file, enc, next) {","    if (cache[file.stem]) {","      next();","      return;","    }","","    cache[file.stem] = true;","    if (utils.blacklist.indexOf(file.stem) !== -1) {","      next();","      return;","    }","","    var pkgPath = path.resolve(file.path, 'package.json');","    var pkg = require(pkgPath);","    list.push([app.log.gray(pkg.version), file.basename, app.log.cyan(file.alias)]);","    next();","  }, function(cb) {","    console.log();","    console.log(utils.table(list, {","      stringLength: function(str) {","        return utils.strip(str).length;","      }","    }));","","    console.log();","    console.log(app.log.magenta(list.length + ' generators installed'));","    console.log();","    cb();","  });","};","",""],"l":{"3":1,"4":1,"6":1,"7":1,"8":0,"11":0,"12":0,"14":0,"15":0,"16":0,"17":0,"20":0,"21":0,"22":0,"23":0,"26":0,"27":0,"28":0,"29":0,"31":0,"32":0,"34":0,"38":0,"39":0,"40":0,"41":0}}}